#
# There is insufficient memory for the Java Runtime Environment to continue.
# Native memory allocation (malloc) failed to allocate 593488 bytes for Chunk::new
# Possible reasons:
#   The system is out of physical RAM or swap space
#   The process is running with CompressedOops enabled, and the Java Heap may be blocking the growth of the native heap
# Possible solutions:
#   Reduce memory load on the system
#   Increase physical memory or swap space
#   Check if swap backing store is full
#   Decrease Java heap size (-Xmx/-Xms)
#   Decrease number of Java threads
#   Decrease Java thread stack sizes (-Xss)
#   Set larger code cache with -XX:ReservedCodeCacheSize=
#   JVM is running with Unscaled Compressed Oops mode in which the Java heap is
#     placed in the first 4GB address space. The Java Heap base address is the
#     maximum limit for the native heap growth. Please use -XX:HeapBaseMinAddress
#     to set the Java Heap base and to place the Java Heap above 4GB virtual address.
# This output file may be truncated or incomplete.
#
#  Out of Memory Error (arena.cpp:184), pid=1492, tid=2168
#
# JRE version: OpenJDK Runtime Environment Corretto-18.0.2.9.1 (18.0.2+9) (build 18.0.2+9-FR)
# Java VM: OpenJDK 64-Bit Server VM Corretto-18.0.2.9.1 (18.0.2+9-FR, mixed mode, sharing, tiered, compressed oops, compressed class ptrs, g1 gc, windows-amd64)
# No core dump will be written. Minidumps are not enabled by default on client versions of Windows
#

---------------  S U M M A R Y ------------

Command Line: --add-opens=java.base/java.util=ALL-UNNAMED --add-opens=java.base/java.lang=ALL-UNNAMED --add-opens=java.base/java.lang.invoke=ALL-UNNAMED --add-opens=java.prefs/java.util.prefs=ALL-UNNAMED --add-opens=java.base/java.nio.charset=ALL-UNNAMED --add-opens=java.base/java.net=ALL-UNNAMED --add-opens=java.base/java.util.concurrent.atomic=ALL-UNNAMED -XX:MaxMetaspaceSize=256m -XX:+HeapDumpOnOutOfMemoryError -Xms256m -Xmx512m -Dfile.encoding=windows-1252 -Duser.country=FR -Duser.language=fr -Duser.variant org.gradle.launcher.daemon.bootstrap.GradleDaemon 7.6

Host: Intel(R) Xeon(R) CPU E5-2695 v4 @ 2.10GHz, 4 cores, 4G,  Windows 10 , 64 bit Build 19041 (10.0.19041.3155)
Time: Tue Feb 20 15:32:18 2024 Paris, Madrid elapsed time: 21.941401 seconds (0d 0h 0m 21s)

---------------  T H R E A D  ---------------

Current thread (0x00000155f4dfcd50):  JavaThread "C2 CompilerThread0" daemon [_thread_in_native, id=2168, stack(0x0000004762900000,0x0000004762a00000)]


Current CompileTask:
C2:  21941 3118   !   4       java.util.zip.ZipFile::getInputStream (275 bytes)

Stack: [0x0000004762900000,0x0000004762a00000]
Native frames: (J=compiled Java code, j=interpreted, Vv=VM code, C=native code)
V  [jvm.dll+0x685a2a]
V  [jvm.dll+0x82ae8d]
V  [jvm.dll+0x82c75e]
V  [jvm.dll+0x82ce03]
V  [jvm.dll+0x25ef4b]
V  [jvm.dll+0xd42d2]
V  [jvm.dll+0xd4665]
V  [jvm.dll+0x38578b]
V  [jvm.dll+0x34d82a]
V  [jvm.dll+0x34cc1a]
V  [jvm.dll+0x233a65]
V  [jvm.dll+0x232f37]
V  [jvm.dll+0x1c0a35]
V  [jvm.dll+0x24212c]
V  [jvm.dll+0x240534]
V  [jvm.dll+0x7df6db]
V  [jvm.dll+0x7d9cba]
V  [jvm.dll+0x6848a5]
C  [ucrtbase.dll+0x21bb2]
C  [KERNEL32.DLL+0x17614]
C  [ntdll.dll+0x526b1]


---------------  P R O C E S S  ---------------

Threads class SMR info:
_java_thread_list=0x00000155f9e7ba50, length=35, elements={
0x00000155e9ac0420, 0x00000155f4deacd0, 0x00000155f4deb930, 0x00000155f4dfa3a0,
0x00000155f4dfad40, 0x00000155f4dfb6e0, 0x00000155f4dfc080, 0x00000155f4dfcd50,
0x00000155f4e3bba0, 0x00000155f901e3e0, 0x00000155f90e9870, 0x00000155f90e9d30,
0x00000155f9a7f810, 0x00000155f9e98140, 0x00000155f9ff8d50, 0x00000155fab66200,
0x00000155f9bfe910, 0x00000155f9bfdae0, 0x00000155f9a74310, 0x00000155f9206bd0,
0x00000155f92053c0, 0x00000155f9204080, 0x00000155f9204550, 0x00000155f9204a20,
0x00000155f9204ef0, 0x00000155f9205d60, 0x00000155f9206230, 0x00000155f9206700,
0x00000155f9207570, 0x00000155f9207a40, 0x00000155faef2bb0, 0x00000155faef3080,
0x00000155faef3550, 0x00000155faef1870, 0x00000155faef3a20
}

Java Threads: ( => current thread )
  0x00000155e9ac0420 JavaThread "main" [_thread_blocked, id=700, stack(0x0000004761d00000,0x0000004761e00000)]
  0x00000155f4deacd0 JavaThread "Reference Handler" daemon [_thread_blocked, id=10244, stack(0x0000004762300000,0x0000004762400000)]
  0x00000155f4deb930 JavaThread "Finalizer" daemon [_thread_blocked, id=10484, stack(0x0000004762400000,0x0000004762500000)]
  0x00000155f4dfa3a0 JavaThread "Signal Dispatcher" daemon [_thread_blocked, id=11876, stack(0x0000004762500000,0x0000004762600000)]
  0x00000155f4dfad40 JavaThread "Attach Listener" daemon [_thread_blocked, id=3568, stack(0x0000004762600000,0x0000004762700000)]
  0x00000155f4dfb6e0 JavaThread "Service Thread" daemon [_thread_blocked, id=8584, stack(0x0000004762700000,0x0000004762800000)]
  0x00000155f4dfc080 JavaThread "Monitor Deflation Thread" daemon [_thread_blocked, id=1292, stack(0x0000004762800000,0x0000004762900000)]
=>0x00000155f4dfcd50 JavaThread "C2 CompilerThread0" daemon [_thread_in_native, id=2168, stack(0x0000004762900000,0x0000004762a00000)]
  0x00000155f4e3bba0 JavaThread "C1 CompilerThread0" daemon [_thread_blocked, id=956, stack(0x0000004762a00000,0x0000004762b00000)]
  0x00000155f901e3e0 JavaThread "Sweeper thread" daemon [_thread_blocked, id=5400, stack(0x0000004762b00000,0x0000004762c00000)]
  0x00000155f90e9870 JavaThread "Common-Cleaner" daemon [_thread_blocked, id=7840, stack(0x0000004762c00000,0x0000004762d00000)]
  0x00000155f90e9d30 JavaThread "Notification Thread" daemon [_thread_blocked, id=4800, stack(0x0000004762d00000,0x0000004762e00000)]
  0x00000155f9a7f810 JavaThread "Daemon health stats" [_thread_blocked, id=8632, stack(0x0000004763200000,0x0000004763300000)]
  0x00000155f9e98140 JavaThread "Incoming local TCP Connector on port 53839" [_thread_in_native, id=12044, stack(0x0000004763300000,0x0000004763400000)]
  0x00000155f9ff8d50 JavaThread "Daemon periodic checks" [_thread_blocked, id=4628, stack(0x0000004763400000,0x0000004763500000)]
  0x00000155fab66200 JavaThread "Daemon" [_thread_blocked, id=8748, stack(0x0000004763500000,0x0000004763600000)]
  0x00000155f9bfe910 JavaThread "Handler for socket connection from /127.0.0.1:53839 to /127.0.0.1:53840" [_thread_in_native, id=10544, stack(0x0000004763600000,0x0000004763700000)]
  0x00000155f9bfdae0 JavaThread "Cancel handler" [_thread_blocked, id=8408, stack(0x0000004763700000,0x0000004763800000)]
  0x00000155f9a74310 JavaThread "Daemon worker" [_thread_in_native, id=10312, stack(0x0000004763800000,0x0000004763900000)]
  0x00000155f9206bd0 JavaThread "Asynchronous log dispatcher for DefaultDaemonConnection: socket connection from /127.0.0.1:53839 to /127.0.0.1:53840" [_thread_blocked, id=10328, stack(0x0000004763900000,0x0000004763a00000)]
  0x00000155f92053c0 JavaThread "Stdin handler" [_thread_blocked, id=9688, stack(0x0000004763a00000,0x0000004763b00000)]
  0x00000155f9204080 JavaThread "Daemon client event forwarder" [_thread_blocked, id=9360, stack(0x0000004763b00000,0x0000004763c00000)]
  0x00000155f9204550 JavaThread "Cache worker for journal cache (C:\Users\kbeguinel\.gradle\caches\journal-1)" [_thread_blocked, id=10524, stack(0x0000004763c00000,0x0000004763d00000)]
  0x00000155f9204a20 JavaThread "File lock request listener" [_thread_in_native, id=7144, stack(0x0000004763d00000,0x0000004763e00000)]
  0x00000155f9204ef0 JavaThread "File lock release action executor" [_thread_blocked, id=12196, stack(0x0000004763e00000,0x0000004763f00000)]
  0x00000155f9205d60 JavaThread "Cache worker for file hash cache (C:\Users\kbeguinel\.gradle\caches\7.6\fileHashes)" [_thread_blocked, id=3920, stack(0x0000004763f00000,0x0000004764000000)]
  0x00000155f9206230 JavaThread "File watcher server" daemon [_thread_in_native, id=7684, stack(0x0000004764000000,0x0000004764100000)]
  0x00000155f9206700 JavaThread "File watcher consumer" daemon [_thread_blocked, id=9292, stack(0x0000004764100000,0x0000004764200000)]
  0x00000155f9207570 JavaThread "Cache worker for checksums cache (F:\travaux-pratiques\IUT\S4\R4_02-Qualite_de_dev\PokeBagarre\.gradle\7.6\checksums)" [_thread_blocked, id=4764, stack(0x0000004764200000,0x0000004764300000)]
  0x00000155f9207a40 JavaThread "Cache worker for cache directory md-rule (C:\Users\kbeguinel\.gradle\caches\7.6\md-rule)" [_thread_blocked, id=6148, stack(0x0000004764300000,0x0000004764400000)]
  0x00000155faef2bb0 JavaThread "Cache worker for file content cache (C:\Users\kbeguinel\.gradle\caches\7.6\fileContent)" [_thread_blocked, id=8740, stack(0x0000004764400000,0x0000004764500000)]
  0x00000155faef3080 JavaThread "Cache worker for file hash cache (F:\travaux-pratiques\IUT\S4\R4_02-Qualite_de_dev\PokeBagarre\.gradle\7.6\fileHashes)" [_thread_blocked, id=1144, stack(0x0000004764500000,0x0000004764600000)]
  0x00000155faef3550 JavaThread "Cache worker for cache directory md-supplier (C:\Users\kbeguinel\.gradle\caches\7.6\md-supplier)" [_thread_blocked, id=9792, stack(0x0000004764600000,0x0000004764700000)]
  0x00000155faef1870 JavaThread "Cache worker for execution history cache (C:\Users\kbeguinel\.gradle\caches\7.6\executionHistory)" [_thread_blocked, id=4068, stack(0x0000004764700000,0x0000004764800000)]
  0x00000155faef3a20 JavaThread "jar transforms" [_thread_blocked, id=9772, stack(0x0000004764800000,0x0000004764900000)]

Other Threads:
  0x00000155f4de0140 VMThread "VM Thread" [stack: 0x0000004762200000,0x0000004762300000] [id=8776]
  0x00000155f90ea600 WatcherThread "VM Periodic Task Thread" [stack: 0x0000004762e00000,0x0000004762f00000] [id=11416]
  0x00000155e9af2d30 WorkerThread "GC Thread#0" [stack: 0x0000004761c00000,0x0000004761d00000] [id=8552]
  0x00000155f9557fe0 WorkerThread "GC Thread#1" [stack: 0x0000004762f00000,0x0000004763000000] [id=5128]
  0x00000155f9459fe0 WorkerThread "GC Thread#2" [stack: 0x0000004763000000,0x0000004763100000] [id=10272]
  0x00000155f949ecb0 WorkerThread "GC Thread#3" [stack: 0x0000004763100000,0x0000004763200000] [id=11824]
  0x00000155e9af7b60 ConcurrentGCThread "G1 Main Marker" [stack: 0x0000004761e00000,0x0000004761f00000] [id=12160]
  0x00000155e9af8450 WorkerThread "G1 Conc#0" [stack: 0x0000004761f00000,0x0000004762000000] [id=876]
  0x00000155e9b1ecb0 ConcurrentGCThread "G1 Refine#0" [stack: 0x0000004762000000,0x0000004762100000] [id=8188]
  0x00000155f4ca2850 ConcurrentGCThread "G1 Service" [stack: 0x0000004762100000,0x0000004762200000] [id=11004]

Threads with active compile tasks:
C2 CompilerThread0    22032 3118   !   4       java.util.zip.ZipFile::getInputStream (275 bytes)

VM state: not at safepoint (normal execution)

VM Mutex/Monitor currently owned by a thread: None

Heap address: 0x00000000e0000000, size: 512 MB, Compressed Oops mode: 32-bit

CDS archive(s) mapped at: [0x0000000800000000-0x0000000800ba0000-0x0000000800ba0000), size 12189696, SharedBaseAddress: 0x0000000800000000, ArchiveRelocationMode: 0.
Compressed class space mapped at: 0x0000000800c00000-0x000000080dc00000, reserved size: 218103808
Narrow klass base: 0x0000000800000000, Narrow klass shift: 0, Narrow klass range: 0x100000000

GC Precious Log:
 CardTable entry size: 512
 Card Set container configuration: InlinePtr #cards 5 size 8 Array Of Cards #cards 12 size 40 Howl #buckets 4 coarsen threshold 1843 Howl Bitmap #cards 512 size 80 coarsen threshold 460 Card regions per heap region 1 cards per card region 2048
 CPUs: 4 total, 4 available
 Memory: 5118M
 Large Page Support: Disabled
 NUMA Support: Disabled
 Compressed Oops: Enabled (32-bit)
 Heap Region Size: 1M
 Heap Min Capacity: 256M
 Heap Initial Capacity: 256M
 Heap Max Capacity: 512M
 Pre-touch: Disabled
 Parallel Workers: 4
 Concurrent Workers: 1
 Concurrent Refinement Workers: 4
 Periodic GC: Disabled

Heap:
 garbage-first heap   total 262144K, used 57160K [0x00000000e0000000, 0x0000000100000000)
  region size 1024K, 48 young (49152K), 12 survivors (12288K)
 Metaspace       used 25786K, committed 26816K, reserved 278528K
  class space    used 3906K, committed 4416K, reserved 212992K

Heap Regions: E=young(eden), S=young(survivor), O=old, HS=humongous(starts), HC=humongous(continues), CS=collection set, F=free, OA=open archive, CA=closed archive, TAMS=top-at-mark-start (previous, next)
|   0|0x00000000e0000000, 0x00000000e0100000, 0x00000000e0100000|100%|HS|  |TAMS 0x00000000e0100000, 0x00000000e0000000| Complete 
|   1|0x00000000e0100000, 0x00000000e0200000, 0x00000000e0200000|100%|HC|  |TAMS 0x00000000e0200000, 0x00000000e0100000| Complete 
|   2|0x00000000e0200000, 0x00000000e0300000, 0x00000000e0300000|100%|HC|  |TAMS 0x00000000e0300000, 0x00000000e0200000| Complete 
|   3|0x00000000e0300000, 0x00000000e0400000, 0x00000000e0400000|100%| O|  |TAMS 0x00000000e0400000, 0x00000000e0300000| Untracked 
|   4|0x00000000e0400000, 0x00000000e0500000, 0x00000000e0500000|100%| O|  |TAMS 0x00000000e0500000, 0x00000000e0400000| Untracked 
|   5|0x00000000e0500000, 0x00000000e0600000, 0x00000000e0600000|100%| O|  |TAMS 0x00000000e0600000, 0x00000000e0500000| Complete 
|   6|0x00000000e0600000, 0x00000000e0700000, 0x00000000e0700000|100%| O|  |TAMS 0x00000000e0700000, 0x00000000e0600000| Untracked 
|   7|0x00000000e0700000, 0x00000000e0800000, 0x00000000e0800000|100%| O|  |TAMS 0x00000000e0800000, 0x00000000e0700000| Untracked 
|   8|0x00000000e0800000, 0x00000000e0800000, 0x00000000e0900000|  0%| F|  |TAMS 0x00000000e0800000, 0x00000000e0800000| Untracked 
|   9|0x00000000e0900000, 0x00000000e09d2200, 0x00000000e0a00000| 82%| O|  |TAMS 0x00000000e09d2200, 0x00000000e0900000| Untracked 
|  10|0x00000000e0a00000, 0x00000000e0a00000, 0x00000000e0b00000|  0%| F|  |TAMS 0x00000000e0a00000, 0x00000000e0a00000| Untracked 
|  11|0x00000000e0b00000, 0x00000000e0b00000, 0x00000000e0c00000|  0%| F|  |TAMS 0x00000000e0b00000, 0x00000000e0b00000| Untracked 
|  12|0x00000000e0c00000, 0x00000000e0c00000, 0x00000000e0d00000|  0%| F|  |TAMS 0x00000000e0c00000, 0x00000000e0c00000| Untracked 
|  13|0x00000000e0d00000, 0x00000000e0d00000, 0x00000000e0e00000|  0%| F|  |TAMS 0x00000000e0d00000, 0x00000000e0d00000| Untracked 
|  14|0x00000000e0e00000, 0x00000000e0e00000, 0x00000000e0f00000|  0%| F|  |TAMS 0x00000000e0e00000, 0x00000000e0e00000| Untracked 
|  15|0x00000000e0f00000, 0x00000000e0f00000, 0x00000000e1000000|  0%| F|  |TAMS 0x00000000e0f00000, 0x00000000e0f00000| Untracked 
|  16|0x00000000e1000000, 0x00000000e1000000, 0x00000000e1100000|  0%| F|  |TAMS 0x00000000e1000000, 0x00000000e1000000| Untracked 
|  17|0x00000000e1100000, 0x00000000e1100000, 0x00000000e1200000|  0%| F|  |TAMS 0x00000000e1100000, 0x00000000e1100000| Untracked 
|  18|0x00000000e1200000, 0x00000000e1200000, 0x00000000e1300000|  0%| F|  |TAMS 0x00000000e1200000, 0x00000000e1200000| Untracked 
|  19|0x00000000e1300000, 0x00000000e1300000, 0x00000000e1400000|  0%| F|  |TAMS 0x00000000e1300000, 0x00000000e1300000| Untracked 
|  20|0x00000000e1400000, 0x00000000e1400000, 0x00000000e1500000|  0%| F|  |TAMS 0x00000000e1400000, 0x00000000e1400000| Untracked 
|  21|0x00000000e1500000, 0x00000000e1500000, 0x00000000e1600000|  0%| F|  |TAMS 0x00000000e1500000, 0x00000000e1500000| Untracked 
|  22|0x00000000e1600000, 0x00000000e1600000, 0x00000000e1700000|  0%| F|  |TAMS 0x00000000e1600000, 0x00000000e1600000| Untracked 
|  23|0x00000000e1700000, 0x00000000e1700000, 0x00000000e1800000|  0%| F|  |TAMS 0x00000000e1700000, 0x00000000e1700000| Untracked 
|  24|0x00000000e1800000, 0x00000000e1800000, 0x00000000e1900000|  0%| F|  |TAMS 0x00000000e1800000, 0x00000000e1800000| Untracked 
|  25|0x00000000e1900000, 0x00000000e1900000, 0x00000000e1a00000|  0%| F|  |TAMS 0x00000000e1900000, 0x00000000e1900000| Untracked 
|  26|0x00000000e1a00000, 0x00000000e1a00000, 0x00000000e1b00000|  0%| F|  |TAMS 0x00000000e1a00000, 0x00000000e1a00000| Untracked 
|  27|0x00000000e1b00000, 0x00000000e1b00000, 0x00000000e1c00000|  0%| F|  |TAMS 0x00000000e1b00000, 0x00000000e1b00000| Untracked 
|  28|0x00000000e1c00000, 0x00000000e1c00000, 0x00000000e1d00000|  0%| F|  |TAMS 0x00000000e1c00000, 0x00000000e1c00000| Untracked 
|  29|0x00000000e1d00000, 0x00000000e1d00000, 0x00000000e1e00000|  0%| F|  |TAMS 0x00000000e1d00000, 0x00000000e1d00000| Untracked 
|  30|0x00000000e1e00000, 0x00000000e1e00000, 0x00000000e1f00000|  0%| F|  |TAMS 0x00000000e1e00000, 0x00000000e1e00000| Untracked 
|  31|0x00000000e1f00000, 0x00000000e1f00000, 0x00000000e2000000|  0%| F|  |TAMS 0x00000000e1f00000, 0x00000000e1f00000| Untracked 
|  32|0x00000000e2000000, 0x00000000e2000000, 0x00000000e2100000|  0%| F|  |TAMS 0x00000000e2000000, 0x00000000e2000000| Untracked 
|  33|0x00000000e2100000, 0x00000000e2100000, 0x00000000e2200000|  0%| F|  |TAMS 0x00000000e2100000, 0x00000000e2100000| Untracked 
|  34|0x00000000e2200000, 0x00000000e2200000, 0x00000000e2300000|  0%| F|  |TAMS 0x00000000e2200000, 0x00000000e2200000| Untracked 
|  35|0x00000000e2300000, 0x00000000e2300000, 0x00000000e2400000|  0%| F|  |TAMS 0x00000000e2300000, 0x00000000e2300000| Untracked 
|  36|0x00000000e2400000, 0x00000000e2400000, 0x00000000e2500000|  0%| F|  |TAMS 0x00000000e2400000, 0x00000000e2400000| Untracked 
|  37|0x00000000e2500000, 0x00000000e2500000, 0x00000000e2600000|  0%| F|  |TAMS 0x00000000e2500000, 0x00000000e2500000| Untracked 
|  38|0x00000000e2600000, 0x00000000e2600000, 0x00000000e2700000|  0%| F|  |TAMS 0x00000000e2600000, 0x00000000e2600000| Untracked 
|  39|0x00000000e2700000, 0x00000000e2700000, 0x00000000e2800000|  0%| F|  |TAMS 0x00000000e2700000, 0x00000000e2700000| Untracked 
|  40|0x00000000e2800000, 0x00000000e2800000, 0x00000000e2900000|  0%| F|  |TAMS 0x00000000e2800000, 0x00000000e2800000| Untracked 
|  41|0x00000000e2900000, 0x00000000e2900000, 0x00000000e2a00000|  0%| F|  |TAMS 0x00000000e2900000, 0x00000000e2900000| Untracked 
|  42|0x00000000e2a00000, 0x00000000e2a00000, 0x00000000e2b00000|  0%| F|  |TAMS 0x00000000e2a00000, 0x00000000e2a00000| Untracked 
|  43|0x00000000e2b00000, 0x00000000e2b00000, 0x00000000e2c00000|  0%| F|  |TAMS 0x00000000e2b00000, 0x00000000e2b00000| Untracked 
|  44|0x00000000e2c00000, 0x00000000e2c00000, 0x00000000e2d00000|  0%| F|  |TAMS 0x00000000e2c00000, 0x00000000e2c00000| Untracked 
|  45|0x00000000e2d00000, 0x00000000e2d00000, 0x00000000e2e00000|  0%| F|  |TAMS 0x00000000e2d00000, 0x00000000e2d00000| Untracked 
|  46|0x00000000e2e00000, 0x00000000e2e00000, 0x00000000e2f00000|  0%| F|  |TAMS 0x00000000e2e00000, 0x00000000e2e00000| Untracked 
|  47|0x00000000e2f00000, 0x00000000e2f00000, 0x00000000e3000000|  0%| F|  |TAMS 0x00000000e2f00000, 0x00000000e2f00000| Untracked 
|  48|0x00000000e3000000, 0x00000000e3000000, 0x00000000e3100000|  0%| F|  |TAMS 0x00000000e3000000, 0x00000000e3000000| Untracked 
|  49|0x00000000e3100000, 0x00000000e3100000, 0x00000000e3200000|  0%| F|  |TAMS 0x00000000e3100000, 0x00000000e3100000| Untracked 
|  50|0x00000000e3200000, 0x00000000e3200000, 0x00000000e3300000|  0%| F|  |TAMS 0x00000000e3200000, 0x00000000e3200000| Untracked 
|  51|0x00000000e3300000, 0x00000000e3300000, 0x00000000e3400000|  0%| F|  |TAMS 0x00000000e3300000, 0x00000000e3300000| Untracked 
|  52|0x00000000e3400000, 0x00000000e3400000, 0x00000000e3500000|  0%| F|  |TAMS 0x00000000e3400000, 0x00000000e3400000| Untracked 
|  53|0x00000000e3500000, 0x00000000e3500000, 0x00000000e3600000|  0%| F|  |TAMS 0x00000000e3500000, 0x00000000e3500000| Untracked 
|  54|0x00000000e3600000, 0x00000000e3600000, 0x00000000e3700000|  0%| F|  |TAMS 0x00000000e3600000, 0x00000000e3600000| Untracked 
|  55|0x00000000e3700000, 0x00000000e3700000, 0x00000000e3800000|  0%| F|  |TAMS 0x00000000e3700000, 0x00000000e3700000| Untracked 
|  56|0x00000000e3800000, 0x00000000e3800000, 0x00000000e3900000|  0%| F|  |TAMS 0x00000000e3800000, 0x00000000e3800000| Untracked 
|  57|0x00000000e3900000, 0x00000000e3900000, 0x00000000e3a00000|  0%| F|  |TAMS 0x00000000e3900000, 0x00000000e3900000| Untracked 
|  58|0x00000000e3a00000, 0x00000000e3a00000, 0x00000000e3b00000|  0%| F|  |TAMS 0x00000000e3a00000, 0x00000000e3a00000| Untracked 
|  59|0x00000000e3b00000, 0x00000000e3b00000, 0x00000000e3c00000|  0%| F|  |TAMS 0x00000000e3b00000, 0x00000000e3b00000| Untracked 
|  60|0x00000000e3c00000, 0x00000000e3c00000, 0x00000000e3d00000|  0%| F|  |TAMS 0x00000000e3c00000, 0x00000000e3c00000| Untracked 
|  61|0x00000000e3d00000, 0x00000000e3d00000, 0x00000000e3e00000|  0%| F|  |TAMS 0x00000000e3d00000, 0x00000000e3d00000| Untracked 
|  62|0x00000000e3e00000, 0x00000000e3e00000, 0x00000000e3f00000|  0%| F|  |TAMS 0x00000000e3e00000, 0x00000000e3e00000| Untracked 
|  63|0x00000000e3f00000, 0x00000000e3f00000, 0x00000000e4000000|  0%| F|  |TAMS 0x00000000e3f00000, 0x00000000e3f00000| Untracked 
|  64|0x00000000e4000000, 0x00000000e4000000, 0x00000000e4100000|  0%| F|  |TAMS 0x00000000e4000000, 0x00000000e4000000| Untracked 
|  65|0x00000000e4100000, 0x00000000e4100000, 0x00000000e4200000|  0%| F|  |TAMS 0x00000000e4100000, 0x00000000e4100000| Untracked 
|  66|0x00000000e4200000, 0x00000000e4200000, 0x00000000e4300000|  0%| F|  |TAMS 0x00000000e4200000, 0x00000000e4200000| Untracked 
|  67|0x00000000e4300000, 0x00000000e4300000, 0x00000000e4400000|  0%| F|  |TAMS 0x00000000e4300000, 0x00000000e4300000| Untracked 
|  68|0x00000000e4400000, 0x00000000e4400000, 0x00000000e4500000|  0%| F|  |TAMS 0x00000000e4400000, 0x00000000e4400000| Untracked 
|  69|0x00000000e4500000, 0x00000000e4500000, 0x00000000e4600000|  0%| F|  |TAMS 0x00000000e4500000, 0x00000000e4500000| Untracked 
|  70|0x00000000e4600000, 0x00000000e4600000, 0x00000000e4700000|  0%| F|  |TAMS 0x00000000e4600000, 0x00000000e4600000| Untracked 
|  71|0x00000000e4700000, 0x00000000e4700000, 0x00000000e4800000|  0%| F|  |TAMS 0x00000000e4700000, 0x00000000e4700000| Untracked 
|  72|0x00000000e4800000, 0x00000000e4800000, 0x00000000e4900000|  0%| F|  |TAMS 0x00000000e4800000, 0x00000000e4800000| Untracked 
|  73|0x00000000e4900000, 0x00000000e4900000, 0x00000000e4a00000|  0%| F|  |TAMS 0x00000000e4900000, 0x00000000e4900000| Untracked 
|  74|0x00000000e4a00000, 0x00000000e4a00000, 0x00000000e4b00000|  0%| F|  |TAMS 0x00000000e4a00000, 0x00000000e4a00000| Untracked 
|  75|0x00000000e4b00000, 0x00000000e4b00000, 0x00000000e4c00000|  0%| F|  |TAMS 0x00000000e4b00000, 0x00000000e4b00000| Untracked 
|  76|0x00000000e4c00000, 0x00000000e4c00000, 0x00000000e4d00000|  0%| F|  |TAMS 0x00000000e4c00000, 0x00000000e4c00000| Untracked 
|  77|0x00000000e4d00000, 0x00000000e4d00000, 0x00000000e4e00000|  0%| F|  |TAMS 0x00000000e4d00000, 0x00000000e4d00000| Untracked 
|  78|0x00000000e4e00000, 0x00000000e4e00000, 0x00000000e4f00000|  0%| F|  |TAMS 0x00000000e4e00000, 0x00000000e4e00000| Untracked 
|  79|0x00000000e4f00000, 0x00000000e4f00000, 0x00000000e5000000|  0%| F|  |TAMS 0x00000000e4f00000, 0x00000000e4f00000| Untracked 
|  80|0x00000000e5000000, 0x00000000e5000000, 0x00000000e5100000|  0%| F|  |TAMS 0x00000000e5000000, 0x00000000e5000000| Untracked 
|  81|0x00000000e5100000, 0x00000000e5100000, 0x00000000e5200000|  0%| F|  |TAMS 0x00000000e5100000, 0x00000000e5100000| Untracked 
|  82|0x00000000e5200000, 0x00000000e5200000, 0x00000000e5300000|  0%| F|  |TAMS 0x00000000e5200000, 0x00000000e5200000| Untracked 
|  83|0x00000000e5300000, 0x00000000e5300000, 0x00000000e5400000|  0%| F|  |TAMS 0x00000000e5300000, 0x00000000e5300000| Untracked 
|  84|0x00000000e5400000, 0x00000000e5400000, 0x00000000e5500000|  0%| F|  |TAMS 0x00000000e5400000, 0x00000000e5400000| Untracked 
|  85|0x00000000e5500000, 0x00000000e5500000, 0x00000000e5600000|  0%| F|  |TAMS 0x00000000e5500000, 0x00000000e5500000| Untracked 
|  86|0x00000000e5600000, 0x00000000e5600000, 0x00000000e5700000|  0%| F|  |TAMS 0x00000000e5600000, 0x00000000e5600000| Untracked 
|  87|0x00000000e5700000, 0x00000000e5700000, 0x00000000e5800000|  0%| F|  |TAMS 0x00000000e5700000, 0x00000000e5700000| Untracked 
|  88|0x00000000e5800000, 0x00000000e5800000, 0x00000000e5900000|  0%| F|  |TAMS 0x00000000e5800000, 0x00000000e5800000| Untracked 
|  89|0x00000000e5900000, 0x00000000e5900000, 0x00000000e5a00000|  0%| F|  |TAMS 0x00000000e5900000, 0x00000000e5900000| Untracked 
|  90|0x00000000e5a00000, 0x00000000e5a00000, 0x00000000e5b00000|  0%| F|  |TAMS 0x00000000e5a00000, 0x00000000e5a00000| Untracked 
|  91|0x00000000e5b00000, 0x00000000e5b00000, 0x00000000e5c00000|  0%| F|  |TAMS 0x00000000e5b00000, 0x00000000e5b00000| Untracked 
|  92|0x00000000e5c00000, 0x00000000e5c00000, 0x00000000e5d00000|  0%| F|  |TAMS 0x00000000e5c00000, 0x00000000e5c00000| Untracked 
|  93|0x00000000e5d00000, 0x00000000e5d00000, 0x00000000e5e00000|  0%| F|  |TAMS 0x00000000e5d00000, 0x00000000e5d00000| Untracked 
|  94|0x00000000e5e00000, 0x00000000e5e00000, 0x00000000e5f00000|  0%| F|  |TAMS 0x00000000e5e00000, 0x00000000e5e00000| Untracked 
|  95|0x00000000e5f00000, 0x00000000e5f00000, 0x00000000e6000000|  0%| F|  |TAMS 0x00000000e5f00000, 0x00000000e5f00000| Untracked 
|  96|0x00000000e6000000, 0x00000000e6000000, 0x00000000e6100000|  0%| F|  |TAMS 0x00000000e6000000, 0x00000000e6000000| Untracked 
|  97|0x00000000e6100000, 0x00000000e6100000, 0x00000000e6200000|  0%| F|  |TAMS 0x00000000e6100000, 0x00000000e6100000| Untracked 
|  98|0x00000000e6200000, 0x00000000e6200000, 0x00000000e6300000|  0%| F|  |TAMS 0x00000000e6200000, 0x00000000e6200000| Untracked 
|  99|0x00000000e6300000, 0x00000000e6300000, 0x00000000e6400000|  0%| F|  |TAMS 0x00000000e6300000, 0x00000000e6300000| Untracked 
| 100|0x00000000e6400000, 0x00000000e6400000, 0x00000000e6500000|  0%| F|  |TAMS 0x00000000e6400000, 0x00000000e6400000| Untracked 
| 101|0x00000000e6500000, 0x00000000e6500000, 0x00000000e6600000|  0%| F|  |TAMS 0x00000000e6500000, 0x00000000e6500000| Untracked 
| 102|0x00000000e6600000, 0x00000000e6600000, 0x00000000e6700000|  0%| F|  |TAMS 0x00000000e6600000, 0x00000000e6600000| Untracked 
| 103|0x00000000e6700000, 0x00000000e6700000, 0x00000000e6800000|  0%| F|  |TAMS 0x00000000e6700000, 0x00000000e6700000| Untracked 
| 104|0x00000000e6800000, 0x00000000e6800000, 0x00000000e6900000|  0%| F|  |TAMS 0x00000000e6800000, 0x00000000e6800000| Untracked 
| 105|0x00000000e6900000, 0x00000000e6900000, 0x00000000e6a00000|  0%| F|  |TAMS 0x00000000e6900000, 0x00000000e6900000| Untracked 
| 106|0x00000000e6a00000, 0x00000000e6a00000, 0x00000000e6b00000|  0%| F|  |TAMS 0x00000000e6a00000, 0x00000000e6a00000| Untracked 
| 107|0x00000000e6b00000, 0x00000000e6b00000, 0x00000000e6c00000|  0%| F|  |TAMS 0x00000000e6b00000, 0x00000000e6b00000| Untracked 
| 108|0x00000000e6c00000, 0x00000000e6c00000, 0x00000000e6d00000|  0%| F|  |TAMS 0x00000000e6c00000, 0x00000000e6c00000| Untracked 
| 109|0x00000000e6d00000, 0x00000000e6d00000, 0x00000000e6e00000|  0%| F|  |TAMS 0x00000000e6d00000, 0x00000000e6d00000| Untracked 
| 110|0x00000000e6e00000, 0x00000000e6e00000, 0x00000000e6f00000|  0%| F|  |TAMS 0x00000000e6e00000, 0x00000000e6e00000| Untracked 
| 111|0x00000000e6f00000, 0x00000000e6f00000, 0x00000000e7000000|  0%| F|  |TAMS 0x00000000e6f00000, 0x00000000e6f00000| Untracked 
| 112|0x00000000e7000000, 0x00000000e7000000, 0x00000000e7100000|  0%| F|  |TAMS 0x00000000e7000000, 0x00000000e7000000| Untracked 
| 113|0x00000000e7100000, 0x00000000e7100000, 0x00000000e7200000|  0%| F|  |TAMS 0x00000000e7100000, 0x00000000e7100000| Untracked 
| 114|0x00000000e7200000, 0x00000000e7200000, 0x00000000e7300000|  0%| F|  |TAMS 0x00000000e7200000, 0x00000000e7200000| Untracked 
| 115|0x00000000e7300000, 0x00000000e7300000, 0x00000000e7400000|  0%| F|  |TAMS 0x00000000e7300000, 0x00000000e7300000| Untracked 
| 116|0x00000000e7400000, 0x00000000e7400000, 0x00000000e7500000|  0%| F|  |TAMS 0x00000000e7400000, 0x00000000e7400000| Untracked 
| 117|0x00000000e7500000, 0x00000000e7500000, 0x00000000e7600000|  0%| F|  |TAMS 0x00000000e7500000, 0x00000000e7500000| Untracked 
| 118|0x00000000e7600000, 0x00000000e7600000, 0x00000000e7700000|  0%| F|  |TAMS 0x00000000e7600000, 0x00000000e7600000| Untracked 
| 119|0x00000000e7700000, 0x00000000e7700000, 0x00000000e7800000|  0%| F|  |TAMS 0x00000000e7700000, 0x00000000e7700000| Untracked 
| 120|0x00000000e7800000, 0x00000000e7800000, 0x00000000e7900000|  0%| F|  |TAMS 0x00000000e7800000, 0x00000000e7800000| Untracked 
| 121|0x00000000e7900000, 0x00000000e7900000, 0x00000000e7a00000|  0%| F|  |TAMS 0x00000000e7900000, 0x00000000e7900000| Untracked 
| 122|0x00000000e7a00000, 0x00000000e7a00000, 0x00000000e7b00000|  0%| F|  |TAMS 0x00000000e7a00000, 0x00000000e7a00000| Untracked 
| 123|0x00000000e7b00000, 0x00000000e7b00000, 0x00000000e7c00000|  0%| F|  |TAMS 0x00000000e7b00000, 0x00000000e7b00000| Untracked 
| 124|0x00000000e7c00000, 0x00000000e7c00000, 0x00000000e7d00000|  0%| F|  |TAMS 0x00000000e7c00000, 0x00000000e7c00000| Untracked 
| 125|0x00000000e7d00000, 0x00000000e7d00000, 0x00000000e7e00000|  0%| F|  |TAMS 0x00000000e7d00000, 0x00000000e7d00000| Untracked 
| 126|0x00000000e7e00000, 0x00000000e7e00000, 0x00000000e7f00000|  0%| F|  |TAMS 0x00000000e7e00000, 0x00000000e7e00000| Untracked 
| 127|0x00000000e7f00000, 0x00000000e7f00000, 0x00000000e8000000|  0%| F|  |TAMS 0x00000000e7f00000, 0x00000000e7f00000| Untracked 
| 128|0x00000000e8000000, 0x00000000e8000000, 0x00000000e8100000|  0%| F|  |TAMS 0x00000000e8000000, 0x00000000e8000000| Untracked 
| 129|0x00000000e8100000, 0x00000000e8100000, 0x00000000e8200000|  0%| F|  |TAMS 0x00000000e8100000, 0x00000000e8100000| Untracked 
| 130|0x00000000e8200000, 0x00000000e8200000, 0x00000000e8300000|  0%| F|  |TAMS 0x00000000e8200000, 0x00000000e8200000| Untracked 
| 131|0x00000000e8300000, 0x00000000e8300000, 0x00000000e8400000|  0%| F|  |TAMS 0x00000000e8300000, 0x00000000e8300000| Untracked 
| 132|0x00000000e8400000, 0x00000000e8400000, 0x00000000e8500000|  0%| F|  |TAMS 0x00000000e8400000, 0x00000000e8400000| Untracked 
| 133|0x00000000e8500000, 0x00000000e8500000, 0x00000000e8600000|  0%| F|  |TAMS 0x00000000e8500000, 0x00000000e8500000| Untracked 
| 134|0x00000000e8600000, 0x00000000e8600000, 0x00000000e8700000|  0%| F|  |TAMS 0x00000000e8600000, 0x00000000e8600000| Untracked 
| 135|0x00000000e8700000, 0x00000000e8700000, 0x00000000e8800000|  0%| F|  |TAMS 0x00000000e8700000, 0x00000000e8700000| Untracked 
| 136|0x00000000e8800000, 0x00000000e8800000, 0x00000000e8900000|  0%| F|  |TAMS 0x00000000e8800000, 0x00000000e8800000| Untracked 
| 137|0x00000000e8900000, 0x00000000e8900000, 0x00000000e8a00000|  0%| F|  |TAMS 0x00000000e8900000, 0x00000000e8900000| Untracked 
| 138|0x00000000e8a00000, 0x00000000e8a00000, 0x00000000e8b00000|  0%| F|  |TAMS 0x00000000e8a00000, 0x00000000e8a00000| Untracked 
| 139|0x00000000e8b00000, 0x00000000e8b00000, 0x00000000e8c00000|  0%| F|  |TAMS 0x00000000e8b00000, 0x00000000e8b00000| Untracked 
| 140|0x00000000e8c00000, 0x00000000e8c00000, 0x00000000e8d00000|  0%| F|  |TAMS 0x00000000e8c00000, 0x00000000e8c00000| Untracked 
| 141|0x00000000e8d00000, 0x00000000e8d00000, 0x00000000e8e00000|  0%| F|  |TAMS 0x00000000e8d00000, 0x00000000e8d00000| Untracked 
| 142|0x00000000e8e00000, 0x00000000e8e00000, 0x00000000e8f00000|  0%| F|  |TAMS 0x00000000e8e00000, 0x00000000e8e00000| Untracked 
| 143|0x00000000e8f00000, 0x00000000e8f00000, 0x00000000e9000000|  0%| F|  |TAMS 0x00000000e8f00000, 0x00000000e8f00000| Untracked 
| 144|0x00000000e9000000, 0x00000000e9000000, 0x00000000e9100000|  0%| F|  |TAMS 0x00000000e9000000, 0x00000000e9000000| Untracked 
| 145|0x00000000e9100000, 0x00000000e9100000, 0x00000000e9200000|  0%| F|  |TAMS 0x00000000e9100000, 0x00000000e9100000| Untracked 
| 146|0x00000000e9200000, 0x00000000e9200000, 0x00000000e9300000|  0%| F|  |TAMS 0x00000000e9200000, 0x00000000e9200000| Untracked 
| 147|0x00000000e9300000, 0x00000000e9400000, 0x00000000e9400000|100%| S|CS|TAMS 0x00000000e9300000, 0x00000000e9300000| Complete 
| 148|0x00000000e9400000, 0x00000000e9500000, 0x00000000e9500000|100%| S|CS|TAMS 0x00000000e9400000, 0x00000000e9400000| Complete 
| 149|0x00000000e9500000, 0x00000000e9600000, 0x00000000e9600000|100%| S|CS|TAMS 0x00000000e9500000, 0x00000000e9500000| Complete 
| 150|0x00000000e9600000, 0x00000000e9700000, 0x00000000e9700000|100%| S|CS|TAMS 0x00000000e9600000, 0x00000000e9600000| Complete 
| 151|0x00000000e9700000, 0x00000000e9800000, 0x00000000e9800000|100%| S|CS|TAMS 0x00000000e9700000, 0x00000000e9700000| Complete 
| 152|0x00000000e9800000, 0x00000000e9900000, 0x00000000e9900000|100%| S|CS|TAMS 0x00000000e9800000, 0x00000000e9800000| Complete 
| 153|0x00000000e9900000, 0x00000000e9a00000, 0x00000000e9a00000|100%| S|CS|TAMS 0x00000000e9900000, 0x00000000e9900000| Complete 
| 154|0x00000000e9a00000, 0x00000000e9b00000, 0x00000000e9b00000|100%| S|CS|TAMS 0x00000000e9a00000, 0x00000000e9a00000| Complete 
| 155|0x00000000e9b00000, 0x00000000e9c00000, 0x00000000e9c00000|100%| S|CS|TAMS 0x00000000e9b00000, 0x00000000e9b00000| Complete 
| 156|0x00000000e9c00000, 0x00000000e9d00000, 0x00000000e9d00000|100%| S|CS|TAMS 0x00000000e9c00000, 0x00000000e9c00000| Complete 
| 157|0x00000000e9d00000, 0x00000000e9e00000, 0x00000000e9e00000|100%| S|CS|TAMS 0x00000000e9d00000, 0x00000000e9d00000| Complete 
| 158|0x00000000e9e00000, 0x00000000e9f00000, 0x00000000e9f00000|100%| S|CS|TAMS 0x00000000e9e00000, 0x00000000e9e00000| Complete 
| 159|0x00000000e9f00000, 0x00000000e9f00000, 0x00000000ea000000|  0%| F|  |TAMS 0x00000000e9f00000, 0x00000000e9f00000| Untracked 
| 160|0x00000000ea000000, 0x00000000ea000000, 0x00000000ea100000|  0%| F|  |TAMS 0x00000000ea000000, 0x00000000ea000000| Untracked 
| 161|0x00000000ea100000, 0x00000000ea100000, 0x00000000ea200000|  0%| F|  |TAMS 0x00000000ea100000, 0x00000000ea100000| Untracked 
| 162|0x00000000ea200000, 0x00000000ea200000, 0x00000000ea300000|  0%| F|  |TAMS 0x00000000ea200000, 0x00000000ea200000| Untracked 
| 163|0x00000000ea300000, 0x00000000ea300000, 0x00000000ea400000|  0%| F|  |TAMS 0x00000000ea300000, 0x00000000ea300000| Untracked 
| 164|0x00000000ea400000, 0x00000000ea400000, 0x00000000ea500000|  0%| F|  |TAMS 0x00000000ea400000, 0x00000000ea400000| Untracked 
| 165|0x00000000ea500000, 0x00000000ea500000, 0x00000000ea600000|  0%| F|  |TAMS 0x00000000ea500000, 0x00000000ea500000| Untracked 
| 166|0x00000000ea600000, 0x00000000ea600000, 0x00000000ea700000|  0%| F|  |TAMS 0x00000000ea600000, 0x00000000ea600000| Untracked 
| 167|0x00000000ea700000, 0x00000000ea700000, 0x00000000ea800000|  0%| F|  |TAMS 0x00000000ea700000, 0x00000000ea700000| Untracked 
| 168|0x00000000ea800000, 0x00000000ea800000, 0x00000000ea900000|  0%| F|  |TAMS 0x00000000ea800000, 0x00000000ea800000| Untracked 
| 169|0x00000000ea900000, 0x00000000ea900000, 0x00000000eaa00000|  0%| F|  |TAMS 0x00000000ea900000, 0x00000000ea900000| Untracked 
| 170|0x00000000eaa00000, 0x00000000eaa00000, 0x00000000eab00000|  0%| F|  |TAMS 0x00000000eaa00000, 0x00000000eaa00000| Untracked 
| 171|0x00000000eab00000, 0x00000000eab00000, 0x00000000eac00000|  0%| F|  |TAMS 0x00000000eab00000, 0x00000000eab00000| Untracked 
| 172|0x00000000eac00000, 0x00000000eac00000, 0x00000000ead00000|  0%| F|  |TAMS 0x00000000eac00000, 0x00000000eac00000| Untracked 
| 173|0x00000000ead00000, 0x00000000ead00000, 0x00000000eae00000|  0%| F|  |TAMS 0x00000000ead00000, 0x00000000ead00000| Untracked 
| 174|0x00000000eae00000, 0x00000000eae00000, 0x00000000eaf00000|  0%| F|  |TAMS 0x00000000eae00000, 0x00000000eae00000| Untracked 
| 175|0x00000000eaf00000, 0x00000000eaf00000, 0x00000000eb000000|  0%| F|  |TAMS 0x00000000eaf00000, 0x00000000eaf00000| Untracked 
| 176|0x00000000eb000000, 0x00000000eb000000, 0x00000000eb100000|  0%| F|  |TAMS 0x00000000eb000000, 0x00000000eb000000| Untracked 
| 177|0x00000000eb100000, 0x00000000eb100000, 0x00000000eb200000|  0%| F|  |TAMS 0x00000000eb100000, 0x00000000eb100000| Untracked 
| 178|0x00000000eb200000, 0x00000000eb200000, 0x00000000eb300000|  0%| F|  |TAMS 0x00000000eb200000, 0x00000000eb200000| Untracked 
| 179|0x00000000eb300000, 0x00000000eb300000, 0x00000000eb400000|  0%| F|  |TAMS 0x00000000eb300000, 0x00000000eb300000| Untracked 
| 180|0x00000000eb400000, 0x00000000eb400000, 0x00000000eb500000|  0%| F|  |TAMS 0x00000000eb400000, 0x00000000eb400000| Untracked 
| 181|0x00000000eb500000, 0x00000000eb500000, 0x00000000eb600000|  0%| F|  |TAMS 0x00000000eb500000, 0x00000000eb500000| Untracked 
| 182|0x00000000eb600000, 0x00000000eb600000, 0x00000000eb700000|  0%| F|  |TAMS 0x00000000eb600000, 0x00000000eb600000| Untracked 
| 183|0x00000000eb700000, 0x00000000eb700000, 0x00000000eb800000|  0%| F|  |TAMS 0x00000000eb700000, 0x00000000eb700000| Untracked 
| 184|0x00000000eb800000, 0x00000000eb800000, 0x00000000eb900000|  0%| F|  |TAMS 0x00000000eb800000, 0x00000000eb800000| Untracked 
| 185|0x00000000eb900000, 0x00000000eb900000, 0x00000000eba00000|  0%| F|  |TAMS 0x00000000eb900000, 0x00000000eb900000| Untracked 
| 186|0x00000000eba00000, 0x00000000eba00000, 0x00000000ebb00000|  0%| F|  |TAMS 0x00000000eba00000, 0x00000000eba00000| Untracked 
| 187|0x00000000ebb00000, 0x00000000ebb00000, 0x00000000ebc00000|  0%| F|  |TAMS 0x00000000ebb00000, 0x00000000ebb00000| Untracked 
| 188|0x00000000ebc00000, 0x00000000ebc00000, 0x00000000ebd00000|  0%| F|  |TAMS 0x00000000ebc00000, 0x00000000ebc00000| Untracked 
| 189|0x00000000ebd00000, 0x00000000ebd00000, 0x00000000ebe00000|  0%| F|  |TAMS 0x00000000ebd00000, 0x00000000ebd00000| Untracked 
| 190|0x00000000ebe00000, 0x00000000ebe00000, 0x00000000ebf00000|  0%| F|  |TAMS 0x00000000ebe00000, 0x00000000ebe00000| Untracked 
| 191|0x00000000ebf00000, 0x00000000ebf00000, 0x00000000ec000000|  0%| F|  |TAMS 0x00000000ebf00000, 0x00000000ebf00000| Untracked 
| 192|0x00000000ec000000, 0x00000000ec000000, 0x00000000ec100000|  0%| F|  |TAMS 0x00000000ec000000, 0x00000000ec000000| Untracked 
| 193|0x00000000ec100000, 0x00000000ec100000, 0x00000000ec200000|  0%| F|  |TAMS 0x00000000ec100000, 0x00000000ec100000| Untracked 
| 194|0x00000000ec200000, 0x00000000ec200000, 0x00000000ec300000|  0%| F|  |TAMS 0x00000000ec200000, 0x00000000ec200000| Untracked 
| 195|0x00000000ec300000, 0x00000000ec300000, 0x00000000ec400000|  0%| F|  |TAMS 0x00000000ec300000, 0x00000000ec300000| Untracked 
| 196|0x00000000ec400000, 0x00000000ec400000, 0x00000000ec500000|  0%| F|  |TAMS 0x00000000ec400000, 0x00000000ec400000| Untracked 
| 197|0x00000000ec500000, 0x00000000ec500000, 0x00000000ec600000|  0%| F|  |TAMS 0x00000000ec500000, 0x00000000ec500000| Untracked 
| 198|0x00000000ec600000, 0x00000000ec600000, 0x00000000ec700000|  0%| F|  |TAMS 0x00000000ec600000, 0x00000000ec600000| Untracked 
| 199|0x00000000ec700000, 0x00000000ec700000, 0x00000000ec800000|  0%| F|  |TAMS 0x00000000ec700000, 0x00000000ec700000| Untracked 
| 200|0x00000000ec800000, 0x00000000ec800000, 0x00000000ec900000|  0%| F|  |TAMS 0x00000000ec800000, 0x00000000ec800000| Untracked 
| 201|0x00000000ec900000, 0x00000000ec900000, 0x00000000eca00000|  0%| F|  |TAMS 0x00000000ec900000, 0x00000000ec900000| Untracked 
| 202|0x00000000eca00000, 0x00000000eca00000, 0x00000000ecb00000|  0%| F|  |TAMS 0x00000000eca00000, 0x00000000eca00000| Untracked 
| 203|0x00000000ecb00000, 0x00000000ecb00000, 0x00000000ecc00000|  0%| F|  |TAMS 0x00000000ecb00000, 0x00000000ecb00000| Untracked 
| 204|0x00000000ecc00000, 0x00000000ecc00000, 0x00000000ecd00000|  0%| F|  |TAMS 0x00000000ecc00000, 0x00000000ecc00000| Untracked 
| 205|0x00000000ecd00000, 0x00000000ecd00000, 0x00000000ece00000|  0%| F|  |TAMS 0x00000000ecd00000, 0x00000000ecd00000| Untracked 
| 206|0x00000000ece00000, 0x00000000ece00000, 0x00000000ecf00000|  0%| F|  |TAMS 0x00000000ece00000, 0x00000000ece00000| Untracked 
| 207|0x00000000ecf00000, 0x00000000ecf00000, 0x00000000ed000000|  0%| F|  |TAMS 0x00000000ecf00000, 0x00000000ecf00000| Untracked 
| 208|0x00000000ed000000, 0x00000000ed000000, 0x00000000ed100000|  0%| F|  |TAMS 0x00000000ed000000, 0x00000000ed000000| Untracked 
| 209|0x00000000ed100000, 0x00000000ed100000, 0x00000000ed200000|  0%| F|  |TAMS 0x00000000ed100000, 0x00000000ed100000| Untracked 
| 210|0x00000000ed200000, 0x00000000ed200000, 0x00000000ed300000|  0%| F|  |TAMS 0x00000000ed200000, 0x00000000ed200000| Untracked 
| 211|0x00000000ed300000, 0x00000000ed300000, 0x00000000ed400000|  0%| F|  |TAMS 0x00000000ed300000, 0x00000000ed300000| Untracked 
| 212|0x00000000ed400000, 0x00000000ed400000, 0x00000000ed500000|  0%| F|  |TAMS 0x00000000ed400000, 0x00000000ed400000| Untracked 
| 213|0x00000000ed500000, 0x00000000ed500000, 0x00000000ed600000|  0%| F|  |TAMS 0x00000000ed500000, 0x00000000ed500000| Untracked 
| 214|0x00000000ed600000, 0x00000000ed600000, 0x00000000ed700000|  0%| F|  |TAMS 0x00000000ed600000, 0x00000000ed600000| Untracked 
| 215|0x00000000ed700000, 0x00000000ed700000, 0x00000000ed800000|  0%| F|  |TAMS 0x00000000ed700000, 0x00000000ed700000| Untracked 
| 216|0x00000000ed800000, 0x00000000ed800000, 0x00000000ed900000|  0%| F|  |TAMS 0x00000000ed800000, 0x00000000ed800000| Untracked 
| 217|0x00000000ed900000, 0x00000000ed900000, 0x00000000eda00000|  0%| F|  |TAMS 0x00000000ed900000, 0x00000000ed900000| Untracked 
| 218|0x00000000eda00000, 0x00000000eda00000, 0x00000000edb00000|  0%| F|  |TAMS 0x00000000eda00000, 0x00000000eda00000| Untracked 
| 219|0x00000000edb00000, 0x00000000edb00000, 0x00000000edc00000|  0%| F|  |TAMS 0x00000000edb00000, 0x00000000edb00000| Untracked 
| 220|0x00000000edc00000, 0x00000000edcbd138, 0x00000000edd00000| 73%| E|  |TAMS 0x00000000edc00000, 0x00000000edc00000| Complete 
| 221|0x00000000edd00000, 0x00000000ede00000, 0x00000000ede00000|100%| E|CS|TAMS 0x00000000edd00000, 0x00000000edd00000| Complete 
| 222|0x00000000ede00000, 0x00000000edf00000, 0x00000000edf00000|100%| E|CS|TAMS 0x00000000ede00000, 0x00000000ede00000| Complete 
| 223|0x00000000edf00000, 0x00000000ee000000, 0x00000000ee000000|100%| E|CS|TAMS 0x00000000edf00000, 0x00000000edf00000| Complete 
| 224|0x00000000ee000000, 0x00000000ee100000, 0x00000000ee100000|100%| E|CS|TAMS 0x00000000ee000000, 0x00000000ee000000| Complete 
| 225|0x00000000ee100000, 0x00000000ee200000, 0x00000000ee200000|100%| E|CS|TAMS 0x00000000ee100000, 0x00000000ee100000| Complete 
| 226|0x00000000ee200000, 0x00000000ee300000, 0x00000000ee300000|100%| E|CS|TAMS 0x00000000ee200000, 0x00000000ee200000| Complete 
| 227|0x00000000ee300000, 0x00000000ee400000, 0x00000000ee400000|100%| E|CS|TAMS 0x00000000ee300000, 0x00000000ee300000| Complete 
| 228|0x00000000ee400000, 0x00000000ee500000, 0x00000000ee500000|100%| E|CS|TAMS 0x00000000ee400000, 0x00000000ee400000| Complete 
| 229|0x00000000ee500000, 0x00000000ee600000, 0x00000000ee600000|100%| E|CS|TAMS 0x00000000ee500000, 0x00000000ee500000| Complete 
| 230|0x00000000ee600000, 0x00000000ee700000, 0x00000000ee700000|100%| E|CS|TAMS 0x00000000ee600000, 0x00000000ee600000| Complete 
| 231|0x00000000ee700000, 0x00000000ee800000, 0x00000000ee800000|100%| E|CS|TAMS 0x00000000ee700000, 0x00000000ee700000| Complete 
| 232|0x00000000ee800000, 0x00000000ee900000, 0x00000000ee900000|100%| E|CS|TAMS 0x00000000ee800000, 0x00000000ee800000| Complete 
| 233|0x00000000ee900000, 0x00000000eea00000, 0x00000000eea00000|100%| E|CS|TAMS 0x00000000ee900000, 0x00000000ee900000| Complete 
| 234|0x00000000eea00000, 0x00000000eeb00000, 0x00000000eeb00000|100%| E|CS|TAMS 0x00000000eea00000, 0x00000000eea00000| Complete 
| 235|0x00000000eeb00000, 0x00000000eec00000, 0x00000000eec00000|100%| E|CS|TAMS 0x00000000eeb00000, 0x00000000eeb00000| Complete 
| 236|0x00000000eec00000, 0x00000000eed00000, 0x00000000eed00000|100%| E|CS|TAMS 0x00000000eec00000, 0x00000000eec00000| Complete 
| 237|0x00000000eed00000, 0x00000000eee00000, 0x00000000eee00000|100%| E|CS|TAMS 0x00000000eed00000, 0x00000000eed00000| Complete 
| 238|0x00000000eee00000, 0x00000000eef00000, 0x00000000eef00000|100%| E|CS|TAMS 0x00000000eee00000, 0x00000000eee00000| Complete 
| 239|0x00000000eef00000, 0x00000000ef000000, 0x00000000ef000000|100%| E|CS|TAMS 0x00000000eef00000, 0x00000000eef00000| Complete 
| 240|0x00000000ef000000, 0x00000000ef100000, 0x00000000ef100000|100%| E|CS|TAMS 0x00000000ef000000, 0x00000000ef000000| Complete 
| 241|0x00000000ef100000, 0x00000000ef200000, 0x00000000ef200000|100%| E|CS|TAMS 0x00000000ef100000, 0x00000000ef100000| Complete 
| 242|0x00000000ef200000, 0x00000000ef300000, 0x00000000ef300000|100%| E|CS|TAMS 0x00000000ef200000, 0x00000000ef200000| Complete 
| 243|0x00000000ef300000, 0x00000000ef400000, 0x00000000ef400000|100%| E|CS|TAMS 0x00000000ef300000, 0x00000000ef300000| Complete 
| 244|0x00000000ef400000, 0x00000000ef500000, 0x00000000ef500000|100%| E|CS|TAMS 0x00000000ef400000, 0x00000000ef400000| Complete 
| 245|0x00000000ef500000, 0x00000000ef600000, 0x00000000ef600000|100%| E|CS|TAMS 0x00000000ef500000, 0x00000000ef500000| Complete 
| 246|0x00000000ef600000, 0x00000000ef700000, 0x00000000ef700000|100%| E|CS|TAMS 0x00000000ef600000, 0x00000000ef600000| Complete 
| 247|0x00000000ef700000, 0x00000000ef800000, 0x00000000ef800000|100%| E|CS|TAMS 0x00000000ef700000, 0x00000000ef700000| Complete 
| 248|0x00000000ef800000, 0x00000000ef900000, 0x00000000ef900000|100%| E|CS|TAMS 0x00000000ef800000, 0x00000000ef800000| Complete 
| 249|0x00000000ef900000, 0x00000000efa00000, 0x00000000efa00000|100%| E|CS|TAMS 0x00000000ef900000, 0x00000000ef900000| Complete 
| 250|0x00000000efa00000, 0x00000000efb00000, 0x00000000efb00000|100%| E|CS|TAMS 0x00000000efa00000, 0x00000000efa00000| Complete 
| 251|0x00000000efb00000, 0x00000000efc00000, 0x00000000efc00000|100%| E|CS|TAMS 0x00000000efb00000, 0x00000000efb00000| Complete 
| 252|0x00000000efc00000, 0x00000000efd00000, 0x00000000efd00000|100%| E|CS|TAMS 0x00000000efc00000, 0x00000000efc00000| Complete 
| 253|0x00000000efd00000, 0x00000000efe00000, 0x00000000efe00000|100%| E|CS|TAMS 0x00000000efd00000, 0x00000000efd00000| Complete 
| 254|0x00000000efe00000, 0x00000000eff00000, 0x00000000eff00000|100%| E|CS|TAMS 0x00000000efe00000, 0x00000000efe00000| Complete 
| 255|0x00000000eff00000, 0x00000000f0000000, 0x00000000f0000000|100%| E|CS|TAMS 0x00000000eff00000, 0x00000000eff00000| Complete 

Card table byte_map: [0x00000155f1620000,0x00000155f1720000] _byte_map_base: 0x00000155f0f20000

Marking Bits (Prev, Next): (CMBitMap*) 0x00000155e9af3270, (CMBitMap*) 0x00000155e9af3230
 Prev Bits: [0x00000155f2020000, 0x00000155f2820000)
 Next Bits: [0x00000155f1820000, 0x00000155f2020000)

Polling page: 0x00000155e9220000

Metaspace:

Usage:
  Non-class:     21.37 MB used.
      Class:      3.81 MB used.
       Both:     25.18 MB used.

Virtual space:
  Non-class space:       64.00 MB reserved,      21.88 MB ( 34%) committed,  1 nodes.
      Class space:      208.00 MB reserved,       4.31 MB (  2%) committed,  1 nodes.
             Both:      272.00 MB reserved,      26.19 MB ( 10%) committed. 

Chunk freelists:
   Non-Class:  1.72 MB
       Class:  3.63 MB
        Both:  5.35 MB

MaxMetaspaceSize: 256.00 MB
CompressedClassSpaceSize: 208.00 MB
Initial GC threshold: 21.00 MB
Current GC threshold: 35.13 MB
CDS: on
MetaspaceReclaimPolicy: balanced
 - commit_granule_bytes: 65536.
 - commit_granule_words: 8192.
 - virtual_space_node_default_size: 8388608.
 - enlarge_chunks_in_place: 1.
 - new_chunks_are_fully_committed: 0.
 - uncommit_free_chunks: 1.
 - use_allocation_guard: 0.


Internal statistics:

num_allocs_failed_limit: 3.
num_arena_births: 1860.
num_arena_deaths: 0.
num_vsnodes_births: 2.
num_vsnodes_deaths: 0.
num_space_committed: 419.
num_space_uncommitted: 0.
num_chunks_returned_to_freelist: 3.
num_chunks_taken_from_freelist: 3112.
num_chunk_merges: 3.
num_chunk_splits: 1993.
num_chunks_enlarged: 1198.
num_inconsistent_stats: 0.

CodeHeap 'non-profiled nmethods': size=120000Kb used=1604Kb max_used=1604Kb free=118395Kb
 bounds [0x0000015587ad0000, 0x0000015587d40000, 0x000001558f000000]
CodeHeap 'profiled nmethods': size=120000Kb used=6471Kb max_used=6471Kb free=113528Kb
 bounds [0x00000155805a0000, 0x0000015580c00000, 0x0000015587ad0000]
CodeHeap 'non-nmethods': size=5760Kb used=1256Kb max_used=1281Kb free=4503Kb
 bounds [0x0000015580000000, 0x0000015580270000, 0x00000155805a0000]
 total_blobs=3684 nmethods=3125 adapters=471
 compilation: enabled
              stopped_count=0, restarted_count=0
 full_count=0

Compilation events (20 events):
Event: 21.881 Thread 0x00000155f4e3bba0 nmethod 3115 0x0000015580beb590 code [0x0000015580beb740, 0x0000015580beba48]
Event: 21.882 Thread 0x00000155f4e3bba0 3116       3       java.lang.Module::allows (60 bytes)
Event: 21.882 Thread 0x00000155f4e3bba0 nmethod 3116 0x0000015580bebc10 code [0x0000015580bebe00, 0x0000015580bec448]
Event: 21.890 Thread 0x00000155f4dfcd50 3118   !   4       java.util.zip.ZipFile::getInputStream (275 bytes)
Event: 21.891 Thread 0x00000155f4e3bba0 3120       3       org.gradle.internal.logging.slf4j.OutputEventListenerBackedLogger::isLevelAtMost (20 bytes)
Event: 21.892 Thread 0x00000155f4e3bba0 nmethod 3120 0x0000015580bec590 code [0x0000015580bec740, 0x0000015580beca88]
Event: 21.892 Thread 0x00000155f4e3bba0 3121       3       org.gradle.internal.logging.slf4j.OutputEventListenerBackedLoggerContext::getLevel (11 bytes)
Event: 21.892 Thread 0x00000155f4e3bba0 nmethod 3121 0x0000015580becc10 code [0x0000015580becda0, 0x0000015580becfd8]
Event: 21.894 Thread 0x00000155f4e3bba0 3123       3       com.google.common.cache.LocalCache::discardingQueue (4 bytes)
Event: 21.894 Thread 0x00000155f4e3bba0 nmethod 3123 0x0000015580bed090 code [0x0000015580bed220, 0x0000015580bed318]
Event: 21.895 Thread 0x00000155f4e3bba0 3124       3       com.google.common.cache.LocalCache::expiresAfterWrite (15 bytes)
Event: 21.895 Thread 0x00000155f4e3bba0 nmethod 3124 0x0000015580bed390 code [0x0000015580bed520, 0x0000015580bed698]
Event: 21.898 Thread 0x00000155f4e3bba0 3125       3       java.lang.Class::hasEnclosingMethodInfo (17 bytes)
Event: 21.898 Thread 0x00000155f4e3bba0 nmethod 3125 0x0000015580bed710 code [0x0000015580bed8c0, 0x0000015580beda98]
Event: 21.925 Thread 0x00000155f4e3bba0 3126  s    3       java.io.BufferedInputStream::read (113 bytes)
Event: 21.925 Thread 0x00000155f4e3bba0 nmethod 3126 0x0000015580bedb90 code [0x0000015580beddc0, 0x0000015580bee698]
Event: 21.925 Thread 0x00000155f4e3bba0 3127       3       java.io.BufferedInputStream::read1 (108 bytes)
Event: 21.927 Thread 0x00000155f4e3bba0 nmethod 3127 0x0000015580bee910 code [0x0000015580beeb60, 0x0000015580bef478]
Event: 21.927 Thread 0x00000155f4e3bba0 3128       3       com.google.common.io.CountingInputStream::read (33 bytes)
Event: 21.927 Thread 0x00000155f4e3bba0 nmethod 3128 0x0000015580bef710 code [0x0000015580bef8c0, 0x0000015580befae8]

GC Heap History (8 events):
Event: 3.140 GC heap before
{Heap before GC invocations=0 (full 0):
 garbage-first heap   total 262144K, used 15360K [0x00000000e0000000, 0x0000000100000000)
  region size 1024K, 13 young (13312K), 0 survivors (0K)
 Metaspace       used 910K, committed 1088K, reserved 278528K
  class space    used 68K, committed 128K, reserved 212992K
}
Event: 3.308 GC heap after
{Heap after GC invocations=1 (full 0):
 garbage-first heap   total 262144K, used 7127K [0x00000000e0000000, 0x0000000100000000)
  region size 1024K, 2 young (2048K), 2 survivors (2048K)
 Metaspace       used 910K, committed 1088K, reserved 278528K
  class space    used 68K, committed 128K, reserved 212992K
}
Event: 6.727 GC heap before
{Heap before GC invocations=1 (full 0):
 garbage-first heap   total 262144K, used 22487K [0x00000000e0000000, 0x0000000100000000)
  region size 1024K, 17 young (17408K), 2 survivors (2048K)
 Metaspace       used 3862K, committed 4032K, reserved 278528K
  class space    used 473K, committed 576K, reserved 212992K
}
Event: 6.733 GC heap after
{Heap after GC invocations=2 (full 0):
 garbage-first heap   total 262144K, used 9613K [0x00000000e0000000, 0x0000000100000000)
  region size 1024K, 3 young (3072K), 3 survivors (3072K)
 Metaspace       used 3862K, committed 4032K, reserved 278528K
  class space    used 473K, committed 576K, reserved 212992K
}
Event: 8.773 GC heap before
{Heap before GC invocations=2 (full 0):
 garbage-first heap   total 262144K, used 32141K [0x00000000e0000000, 0x0000000100000000)
  region size 1024K, 25 young (25600K), 3 survivors (3072K)
 Metaspace       used 3995K, committed 4224K, reserved 278528K
  class space    used 475K, committed 576K, reserved 212992K
}
Event: 8.780 GC heap after
{Heap after GC invocations=3 (full 0):
 garbage-first heap   total 262144K, used 13128K [0x00000000e0000000, 0x0000000100000000)
  region size 1024K, 4 young (4096K), 4 survivors (4096K)
 Metaspace       used 3995K, committed 4224K, reserved 278528K
  class space    used 475K, committed 576K, reserved 212992K
}
Event: 20.018 GC heap before
{Heap before GC invocations=3 (full 0):
 garbage-first heap   total 262144K, used 107336K [0x00000000e0000000, 0x0000000100000000)
  region size 1024K, 97 young (99328K), 4 survivors (4096K)
 Metaspace       used 20803K, committed 21504K, reserved 278528K
  class space    used 3080K, committed 3392K, reserved 212992K
}
Event: 20.039 GC heap after
{Heap after GC invocations=4 (full 0):
 garbage-first heap   total 262144K, used 21320K [0x00000000e0000000, 0x0000000100000000)
  region size 1024K, 12 young (12288K), 12 survivors (12288K)
 Metaspace       used 20803K, committed 21504K, reserved 278528K
  class space    used 3080K, committed 3392K, reserved 212992K
}

Deoptimization events (20 events):
Event: 18.575 Thread 0x00000155f9a74310 Uncommon trap: trap_request=0xffffff45 fr.pc=0x0000015587baac34 relative=0x0000000000000374
Event: 18.575 Thread 0x00000155f9a74310 Uncommon trap: reason=unstable_if action=reinterpret pc=0x0000015587baac34 method=jdk.internal.org.objectweb.asm.SymbolTable.addType(Ljava/lang/String;)I @ 33 c2
Event: 18.575 Thread 0x00000155f9a74310 DEOPT PACKING pc=0x0000015587baac34 sp=0x00000047638fc190
Event: 18.575 Thread 0x00000155f9a74310 DEOPT UNPACKING pc=0x00000155800523a3 sp=0x00000047638fc128 mode 2
Event: 18.778 Thread 0x00000155f9a74310 Uncommon trap: trap_request=0xffffff76 fr.pc=0x0000015587c0d56c relative=0x00000000000001ac
Event: 18.779 Thread 0x00000155f9a74310 Uncommon trap: reason=predicate action=maybe_recompile pc=0x0000015587c0d56c method=com.google.common.base.CharMatcher.indexIn(Ljava/lang/CharSequence;I)I @ 19 c2
Event: 18.779 Thread 0x00000155f9a74310 DEOPT PACKING pc=0x0000015587c0d56c sp=0x00000047638fbed0
Event: 18.779 Thread 0x00000155f9a74310 DEOPT UNPACKING pc=0x00000155800523a3 sp=0x00000047638fbe60 mode 2
Event: 21.168 Thread 0x00000155f9ff8d50 Uncommon trap: trap_request=0xffffff45 fr.pc=0x0000015587b075e8 relative=0x0000000000000548
Event: 21.168 Thread 0x00000155f9ff8d50 Uncommon trap: reason=unstable_if action=reinterpret pc=0x0000015587b075e8 method=java.lang.AbstractStringBuilder.append(Ljava/lang/String;)Ljava/lang/AbstractStringBuilder; @ 1 c2
Event: 21.168 Thread 0x00000155f9ff8d50 DEOPT PACKING pc=0x0000015587b075e8 sp=0x00000047634fe850
Event: 21.168 Thread 0x00000155f9ff8d50 DEOPT UNPACKING pc=0x00000155800523a3 sp=0x00000047634fe7d0 mode 2
Event: 21.168 Thread 0x00000155f9ff8d50 Uncommon trap: trap_request=0xffffff45 fr.pc=0x0000015587b1a05c relative=0x000000000000053c
Event: 21.168 Thread 0x00000155f9ff8d50 Uncommon trap: reason=unstable_if action=reinterpret pc=0x0000015587b1a05c method=java.lang.AbstractStringBuilder.append(Ljava/lang/String;)Ljava/lang/AbstractStringBuilder; @ 1 c2
Event: 21.168 Thread 0x00000155f9ff8d50 DEOPT PACKING pc=0x0000015587b1a05c sp=0x00000047634fe7f0
Event: 21.168 Thread 0x00000155f9ff8d50 DEOPT UNPACKING pc=0x00000155800523a3 sp=0x00000047634fe7d8 mode 2
Event: 21.820 Thread 0x00000155f9a74310 Uncommon trap: trap_request=0xffffff45 fr.pc=0x0000015587c57cf8 relative=0x0000000000000398
Event: 21.820 Thread 0x00000155f9a74310 Uncommon trap: reason=unstable_if action=reinterpret pc=0x0000015587c57cf8 method=jdk.internal.org.objectweb.asm.MethodWriter.visitFieldInsn(ILjava/lang/String;Ljava/lang/String;Ljava/lang/String;)V @ 223 c2
Event: 21.820 Thread 0x00000155f9a74310 DEOPT PACKING pc=0x0000015587c57cf8 sp=0x00000047638f8bb0
Event: 21.820 Thread 0x00000155f9a74310 DEOPT UNPACKING pc=0x00000155800523a3 sp=0x00000047638f8b30 mode 2

Classes loaded (20 events):
Event: 21.788 Loading class java/lang/Process
Event: 21.789 Loading class java/lang/Process done
Event: 21.789 Loading class java/lang/ProcessBuilder
Event: 21.790 Loading class java/lang/ProcessBuilder done
Event: 21.836 Loading class java/nio/file/FileTreeWalker
Event: 21.837 Loading class java/nio/file/FileTreeWalker done
Event: 21.837 Loading class java/nio/file/FileTreeWalker$DirectoryNode
Event: 21.838 Loading class java/nio/file/FileTreeWalker$DirectoryNode done
Event: 21.838 Loading class java/nio/file/FileTreeWalker$Event
Event: 21.838 Loading class java/nio/file/FileTreeWalker$Event done
Event: 21.838 Loading class java/nio/file/FileTreeWalker$EventType
Event: 21.838 Loading class java/nio/file/FileTreeWalker$EventType done
Event: 21.838 Loading class java/nio/file/Files$3
Event: 21.839 Loading class java/nio/file/Files$3 done
Event: 21.841 Loading class java/nio/file/FileVisitResult
Event: 21.841 Loading class java/nio/file/FileVisitResult done
Event: 21.873 Loading class sun/nio/fs/WindowsPath$1
Event: 21.874 Loading class sun/nio/fs/WindowsPath$1 done
Event: 21.931 Loading class java/nio/charset/CharacterCodingException
Event: 21.932 Loading class java/nio/charset/CharacterCodingException done

Classes unloaded (0 events):
No events

Classes redefined (0 events):
No events

Internal exceptions (20 events):
Event: 20.913 Thread 0x00000155f9a74310 Exception <a 'java/lang/NoSuchMethodError'{0x00000000ef1e0738}: 'java.lang.Object java.lang.invoke.DelegatingMethodHandle$Holder.reinvoke_L(java.lang.Object, java.lang.Object, java.lang.Object, java.lang.Object, java.lang.Object, java.lang.Object, java.lang.Object, java.lang.Object, java.lang.Object, java.lang.Object, java.lang.Object, java.lang.Object, java.lang.Object, java.lang.Object, java.lang.Object, java.lang.Object, java.lang.Object, java.lang.Object, java.lang.Object, java.lang.Object, java.lang.O
Event: 20.938 Thread 0x00000155f9a74310 Exception <a 'java/lang/NoSuchMethodError'{0x00000000ef0e4098}: 'java.lang.Object java.lang.invoke.DirectMethodHandle$Holder.invokeStatic(java.lang.Object, java.lang.Object, java.lang.Object, java.lang.Object, java.lang.Object, java.lang.Object, java.lang.Object, java.lang.Object, java.lang.Object, java.lang.Object, java.lang.Object, java.lang.Object, java.lang.Object, java.lang.Object, java.lang.Object, java.lang.Object, java.lang.Object, java.lang.Object, java.lang.Object, java.lang.Object, java.lang.Obj
Event: 20.943 Thread 0x00000155f9a74310 Exception <a 'java/lang/NoSuchMethodError'{0x00000000eef16120}: 'java.lang.Object java.lang.invoke.DirectMethodHandle$Holder.invokeStatic(java.lang.Object, java.lang.Object, java.lang.Object, java.lang.Object, java.lang.Object, java.lang.Object, java.lang.Object, java.lang.Object, java.lang.Object, java.lang.Object, java.lang.Object, java.lang.Object, java.lang.Object, java.lang.Object, java.lang.Object, java.lang.Object, java.lang.Object, java.lang.Object, java.lang.Object, java.lang.Object, java.lang.Obj
Event: 21.168 Thread 0x00000155f9ff8d50 Implicit null exception at 0x0000015587b070d2 to 0x0000015587b075d0
Event: 21.168 Thread 0x00000155f9ff8d50 Implicit null exception at 0x0000015587b19b52 to 0x0000015587b1a044
Event: 21.219 Thread 0x00000155f9a74310 Exception <a 'java/lang/NoSuchMethodError'{0x00000000eeccf1c0}: 'java.lang.Object java.lang.invoke.Invokers$Holder.linkToTargetMethod(java.lang.Object, java.lang.Object, java.lang.Object, java.lang.Object, java.lang.Object, java.lang.Object, java.lang.Object, java.lang.Object)'> (0x00000000eeccf1c0) 
thrown [s\src\hotspot\share\interpreter\linkResolver.cpp, line 759]
Event: 21.246 Thread 0x00000155f9a74310 Exception <a 'java/lang/IncompatibleClassChangeError'{0x00000000eeb3bc18}: Found class java.lang.Object, but interface was expected> (0x00000000eeb3bc18) 
thrown [s\src\hotspot\share\interpreter\linkResolver.cpp, line 826]
Event: 21.270 Thread 0x00000155f9a74310 Exception <a 'java/lang/NoSuchMethodError'{0x00000000eebad548}: 'java.lang.Object java.lang.invoke.DirectMethodHandle$Holder.invokeVirtual(java.lang.Object, java.lang.Object, java.lang.Object, java.lang.Object, java.lang.Object, java.lang.Object, java.lang.Object, java.lang.Object, java.lang.Object, java.lang.Object, java.lang.Object, java.lang.Object, java.lang.Object, java.lang.Object, java.lang.Object)'> (0x00000000eebad548) 
thrown [s\src\hotspot\share\interpreter\linkResolver.cpp, line 759]
Event: 21.272 Thread 0x00000155f9a74310 Exception <a 'java/lang/NoSuchMethodError'{0x00000000eebb36f0}: 'java.lang.Object java.lang.invoke.DirectMethodHandle$Holder.invokeSpecial(java.lang.Object, java.lang.Object, java.lang.Object, java.lang.Object, java.lang.Object, java.lang.Object, java.lang.Object, java.lang.Object, java.lang.Object, java.lang.Object, java.lang.Object, java.lang.Object, java.lang.Object, java.lang.Object, java.lang.Object, java.lang.Object)'> (0x00000000eebb36f0) 
thrown [s\src\hotspot\share\interpreter\linkResolver.cpp, li
Event: 21.469 Thread 0x00000155f9a74310 Exception <a 'java/lang/NoSuchMethodError'{0x00000000ee6f0b98}: 'java.lang.Object java.lang.invoke.DirectMethodHandle$Holder.invokeVirtual(java.lang.Object, java.lang.Object, java.lang.Object, java.lang.Object, java.lang.Object, java.lang.Object, java.lang.Object, java.lang.Object, java.lang.Object, java.lang.Object, java.lang.Object, java.lang.Object, java.lang.Object, java.lang.Object, java.lang.Object, java.lang.Object, java.lang.Object, java.lang.Object, java.lang.Object, java.lang.Object, java.lang.Ob
Event: 21.470 Thread 0x00000155f9a74310 Exception <a 'java/lang/NoSuchMethodError'{0x00000000ee6f7428}: 'java.lang.Object java.lang.invoke.DirectMethodHandle$Holder.invokeSpecial(java.lang.Object, java.lang.Object, java.lang.Object, java.lang.Object, java.lang.Object, java.lang.Object, java.lang.Object, java.lang.Object, java.lang.Object, java.lang.Object, java.lang.Object, java.lang.Object, java.lang.Object, java.lang.Object, java.lang.Object, java.lang.Object, java.lang.Object, java.lang.Object, java.lang.Object, java.lang.Object, java.lang.Ob
Event: 21.470 Thread 0x00000155f9a74310 Exception <a 'java/lang/NoSuchMethodError'{0x00000000ee6fd110}: 'java.lang.Object java.lang.invoke.DelegatingMethodHandle$Holder.reinvoke_L(java.lang.Object, java.lang.Object, java.lang.Object, java.lang.Object, java.lang.Object, java.lang.Object, java.lang.Object, java.lang.Object, java.lang.Object, java.lang.Object, java.lang.Object, java.lang.Object, java.lang.Object, java.lang.Object, java.lang.Object, java.lang.Object, java.lang.Object, java.lang.Object, java.lang.Object, java.lang.Object, java.lang.O
Event: 21.529 Thread 0x00000155f9a74310 Exception <a 'java/lang/NoSuchMethodError'{0x00000000ee417f78}: 'java.lang.Object java.lang.invoke.DirectMethodHandle$Holder.newInvokeSpecial(java.lang.Object, java.lang.Object, java.lang.Object, java.lang.Object, java.lang.Object, java.lang.Object, java.lang.Object, java.lang.Object, java.lang.Object, java.lang.Object, java.lang.Object, java.lang.Object, java.lang.Object, java.lang.Object, java.lang.Object, java.lang.Object)'> (0x00000000ee417f78) 
thrown [s\src\hotspot\share\interpreter\linkResolver.cpp,
Event: 21.630 Thread 0x00000155f9a74310 Exception <a 'java/lang/NoSuchMethodError'{0x00000000ee2477a8}: 'java.lang.Object java.lang.invoke.DirectMethodHandle$Holder.newInvokeSpecial(java.lang.Object, java.lang.Object, java.lang.Object, java.lang.Object, java.lang.Object, java.lang.Object, java.lang.Object, java.lang.Object, java.lang.Object, java.lang.Object, java.lang.Object, java.lang.Object, java.lang.Object, java.lang.Object)'> (0x00000000ee2477a8) 
thrown [s\src\hotspot\share\interpreter\linkResolver.cpp, line 759]
Event: 21.631 Thread 0x00000155f9a74310 Exception <a 'java/lang/NoSuchMethodError'{0x00000000ee24d5b0}: 'java.lang.Object java.lang.invoke.DirectMethodHandle$Holder.invokeSpecial(java.lang.Object, java.lang.Object, java.lang.Object, java.lang.Object, java.lang.Object, java.lang.Object, java.lang.Object, java.lang.Object, java.lang.Object, java.lang.Object, java.lang.Object, java.lang.Object, java.lang.Object, java.lang.Object, java.lang.Object)'> (0x00000000ee24d5b0) 
thrown [s\src\hotspot\share\interpreter\linkResolver.cpp, line 759]
Event: 21.821 Thread 0x00000155f9a74310 Exception <a 'java/lang/NoSuchMethodError'{0x00000000edf8e3f0}: 'java.lang.Object java.lang.invoke.DirectMethodHandle$Holder.newInvokeSpecial(java.lang.Object, java.lang.Object, long)'> (0x00000000edf8e3f0) 
thrown [s\src\hotspot\share\interpreter\linkResolver.cpp, line 759]
Event: 21.821 Thread 0x00000155f9a74310 Exception <a 'java/lang/NoSuchMethodError'{0x00000000edf92a08}: 'java.lang.Object java.lang.invoke.Invokers$Holder.linkToTargetMethod(java.lang.Object, long, java.lang.Object)'> (0x00000000edf92a08) 
thrown [s\src\hotspot\share\interpreter\linkResolver.cpp, line 759]
Event: 21.867 Thread 0x00000155f9a74310 Exception <a 'java/lang/NoSuchMethodError'{0x00000000ede8bdf8}: 'java.lang.Object java.lang.invoke.DirectMethodHandle$Holder.invokeStatic(java.lang.Object, java.lang.Object, int, java.lang.Object)'> (0x00000000ede8bdf8) 
thrown [s\src\hotspot\share\interpreter\linkResolver.cpp, line 759]
Event: 21.867 Thread 0x00000155f9a74310 Exception <a 'java/lang/NoSuchMethodError'{0x00000000ede939b0}: 'java.lang.Object java.lang.invoke.DirectMethodHandle$Holder.newInvokeSpecial(java.lang.Object, java.lang.Object, int, java.lang.Object)'> (0x00000000ede939b0) 
thrown [s\src\hotspot\share\interpreter\linkResolver.cpp, line 759]
Event: 21.868 Thread 0x00000155f9a74310 Exception <a 'java/lang/NoSuchMethodError'{0x00000000ede982a0}: 'java.lang.Object java.lang.invoke.DirectMethodHandle$Holder.invokeSpecial(java.lang.Object, java.lang.Object, java.lang.Object, int, java.lang.Object)'> (0x00000000ede982a0) 
thrown [s\src\hotspot\share\interpreter\linkResolver.cpp, line 759]

VM Operations (20 events):
Event: 20.018 Executing VM operation: CollectForMetadataAllocation
Event: 20.039 Executing VM operation: CollectForMetadataAllocation done
Event: 20.060 Executing VM operation: G1Concurrent
Event: 20.065 Executing VM operation: G1Concurrent done
Event: 20.068 Executing VM operation: G1Concurrent
Event: 20.068 Executing VM operation: G1Concurrent done
Event: 20.373 Executing VM operation: HandshakeAllThreads
Event: 20.373 Executing VM operation: HandshakeAllThreads done
Event: 21.175 Executing VM operation: HandshakeAllThreads
Event: 21.175 Executing VM operation: HandshakeAllThreads done
Event: 21.175 Executing VM operation: Cleanup
Event: 21.176 Executing VM operation: Cleanup done
Event: 21.432 Executing VM operation: HandshakeAllThreads
Event: 21.433 Executing VM operation: HandshakeAllThreads done
Event: 21.718 Executing VM operation: HandshakeAllThreads
Event: 21.718 Executing VM operation: HandshakeAllThreads done
Event: 21.917 Executing VM operation: HandshakeAllThreads
Event: 21.917 Executing VM operation: HandshakeAllThreads done
Event: 21.918 Executing VM operation: HandshakeAllThreads
Event: 21.918 Executing VM operation: HandshakeAllThreads done

Events (20 events):
Event: 11.167 Thread 0x00000155fab66200 Thread added: 0x00000155fab66200
Event: 11.180 Thread 0x00000155f9bfe910 Thread added: 0x00000155f9bfe910
Event: 11.332 Thread 0x00000155f9bfdae0 Thread added: 0x00000155f9bfdae0
Event: 11.400 Thread 0x00000155f9a74310 Thread added: 0x00000155f9a74310
Event: 11.486 Thread 0x00000155f9206bd0 Thread added: 0x00000155f9206bd0
Event: 11.496 Thread 0x00000155f92053c0 Thread added: 0x00000155f92053c0
Event: 11.545 Thread 0x00000155f9204080 Thread added: 0x00000155f9204080
Event: 12.209 Thread 0x00000155f9204550 Thread added: 0x00000155f9204550
Event: 12.279 Thread 0x00000155f9204a20 Thread added: 0x00000155f9204a20
Event: 12.763 Thread 0x00000155f9204ef0 Thread added: 0x00000155f9204ef0
Event: 15.036 Thread 0x00000155f9205d60 Thread added: 0x00000155f9205d60
Event: 18.885 Thread 0x00000155f9206230 Thread added: 0x00000155f9206230
Event: 18.908 Thread 0x00000155f9206700 Thread added: 0x00000155f9206700
Event: 19.963 Thread 0x00000155f9207570 Thread added: 0x00000155f9207570
Event: 20.057 Thread 0x00000155f9207a40 Thread added: 0x00000155f9207a40
Event: 20.136 Thread 0x00000155faef2bb0 Thread added: 0x00000155faef2bb0
Event: 20.658 Thread 0x00000155faef3080 Thread added: 0x00000155faef3080
Event: 20.741 Thread 0x00000155faef3550 Thread added: 0x00000155faef3550
Event: 21.344 Thread 0x00000155faef1870 Thread added: 0x00000155faef1870
Event: 21.869 Thread 0x00000155faef3a20 Thread added: 0x00000155faef3a20


Dynamic libraries:
0x00007ff7538c0000 - 0x00007ff7538cd000 	C:\Users\kbeguinel\.jdks\corretto-18.0.2\bin\java.exe
0x00007ff94db10000 - 0x00007ff94dd08000 	C:\windows\SYSTEM32\ntdll.dll
0x00007ff94cd00000 - 0x00007ff94cdbf000 	C:\windows\System32\KERNEL32.DLL
0x00007ff94b4f0000 - 0x00007ff94b7e6000 	C:\windows\System32\KERNELBASE.dll
0x00007ff947830000 - 0x00007ff9478c1000 	C:\windows\SYSTEM32\apphelp.dll
0x00007ff94b350000 - 0x00007ff94b450000 	C:\windows\System32\ucrtbase.dll
0x00007ff93fce0000 - 0x00007ff93fcf7000 	C:\Users\kbeguinel\.jdks\corretto-18.0.2\bin\jli.dll
0x00007ff94d930000 - 0x00007ff94dacd000 	C:\windows\System32\USER32.dll
0x00007ff94b870000 - 0x00007ff94b892000 	C:\windows\System32\win32u.dll
0x00007ff94cb20000 - 0x00007ff94cb4c000 	C:\windows\System32\GDI32.dll
0x00007ff94ba50000 - 0x00007ff94bb65000 	C:\windows\System32\gdi32full.dll
0x00007ff94b450000 - 0x00007ff94b4ed000 	C:\windows\System32\msvcp_win.dll
0x00007ff940ce0000 - 0x00007ff940cf5000 	C:\Users\kbeguinel\.jdks\corretto-18.0.2\bin\VCRUNTIME140.dll
0x00007ff93e790000 - 0x00007ff93ea2a000 	C:\windows\WinSxS\amd64_microsoft.windows.common-controls_6595b64144ccf1df_6.0.19041.1110_none_60b5254171f9507e\COMCTL32.dll
0x00007ff94bbd0000 - 0x00007ff94bc6e000 	C:\windows\System32\msvcrt.dll
0x00007ff94c8b0000 - 0x00007ff94c8e0000 	C:\windows\System32\IMM32.DLL
0x00007ff94aff0000 - 0x00007ff94b028000 	C:\Program Files\Citrix\HDX\bin\MfApHook.dll
0x00007ff94af30000 - 0x00007ff94af40000 	C:\Program Files\Citrix\HDX\bin\FullScreenHook.dll
0x00007ff94cdc0000 - 0x00007ff94ce6f000 	C:\windows\System32\ADVAPI32.dll
0x00007ff94d5d0000 - 0x00007ff94d66c000 	C:\windows\System32\sechost.dll
0x00007ff94c9f0000 - 0x00007ff94cb16000 	C:\windows\System32\RPCRT4.dll
0x00007ff92e2e0000 - 0x00007ff92e37b000 	C:\Users\kbeguinel\.jdks\corretto-18.0.2\bin\MSVCP140.dll
0x00007ff94af00000 - 0x00007ff94af0c000 	C:\windows\SYSTEM32\VCRUNTIME140_1.dll
0x00007ff94ad80000 - 0x00007ff94adb4000 	C:\Program Files\Citrix\HDX\bin\Citrix.Hdx.Seamless.Hooking.dll
0x00007ff94c8e0000 - 0x00007ff94c98d000 	C:\windows\System32\shcore.dll
0x00007ff94d270000 - 0x00007ff94d5c4000 	C:\windows\System32\combase.dll
0x00007ff94ad70000 - 0x00007ff94ad7f000 	C:\Program Files\Citrix\HDX\bin\ShellHook.dll
0x00007ff94d210000 - 0x00007ff94d265000 	C:\windows\System32\SHLWAPI.dll
0x00007ff94ac40000 - 0x00007ff94ad69000 	C:\Program Files\Citrix\HDX\bin\SCardHook.dll
0x00007ff94abf0000 - 0x00007ff94ac0f000 	C:\Program Files\Citrix\HDX\bin\CxInjIme.dll
0x00007ff94abc0000 - 0x00007ff94abe8000 	C:\Program Files\Citrix\HDX\bin\PicaWtsHook.dll
0x00007ff90dfc0000 - 0x00007ff90ec31000 	C:\Users\kbeguinel\.jdks\corretto-18.0.2\bin\server\jvm.dll
0x00007ff94d670000 - 0x00007ff94d678000 	C:\windows\System32\PSAPI.DLL
0x00007ff943e80000 - 0x00007ff943e89000 	C:\windows\SYSTEM32\WSOCK32.dll
0x00007ff94d810000 - 0x00007ff94d87b000 	C:\windows\System32\WS2_32.dll
0x00007ff943c60000 - 0x00007ff943c87000 	C:\windows\SYSTEM32\WINMM.dll
0x00007ff94ade0000 - 0x00007ff94adea000 	C:\windows\SYSTEM32\VERSION.dll
0x00007ff949380000 - 0x00007ff949392000 	C:\windows\SYSTEM32\kernel.appcore.dll
0x00007ff940d70000 - 0x00007ff940d7a000 	C:\Users\kbeguinel\.jdks\corretto-18.0.2\bin\jimage.dll
0x00007ff949040000 - 0x00007ff949224000 	C:\windows\SYSTEM32\DBGHELP.DLL
0x00007ff939b90000 - 0x00007ff939bc4000 	C:\windows\SYSTEM32\dbgcore.DLL
0x00007ff94b8a0000 - 0x00007ff94b922000 	C:\windows\System32\bcryptPrimitives.dll
0x00007ff933340000 - 0x00007ff933365000 	C:\Users\kbeguinel\.jdks\corretto-18.0.2\bin\java.dll
0x00007ff9236e0000 - 0x00007ff9237b6000 	C:\Users\kbeguinel\.jdks\corretto-18.0.2\bin\jsvml.dll
0x00007ff94c160000 - 0x00007ff94c8a4000 	C:\windows\System32\SHELL32.dll
0x00007ff9488a0000 - 0x00007ff949034000 	C:\windows\SYSTEM32\windows.storage.dll
0x00007ff94a6c0000 - 0x00007ff94a6ee000 	C:\windows\SYSTEM32\Wldp.dll
0x00007ff94b120000 - 0x00007ff94b145000 	C:\windows\SYSTEM32\profapi.dll
0x00007ff93f0b0000 - 0x00007ff93f0c3000 	C:\Users\kbeguinel\.jdks\corretto-18.0.2\bin\net.dll
0x00007ff942820000 - 0x00007ff94292a000 	C:\windows\SYSTEM32\WINHTTP.dll
0x00007ff94a3d0000 - 0x00007ff94a43a000 	C:\windows\system32\mswsock.dll
0x00007ff9330d0000 - 0x00007ff9330e5000 	C:\Users\kbeguinel\.jdks\corretto-18.0.2\bin\nio.dll
0x00007ff92f530000 - 0x00007ff92f548000 	C:\Users\kbeguinel\.jdks\corretto-18.0.2\bin\zip.dll
0x00007ff934d60000 - 0x00007ff934d70000 	C:\Users\kbeguinel\.jdks\corretto-18.0.2\bin\verify.dll
0x00007ff924150000 - 0x00007ff924177000 	C:\Users\kbeguinel\.gradle\native\68d5fa5c4cc2d200863cafc0d521ce42e7d3e7ee720ec0a83991735586a16f82\windows-amd64\native-platform.dll
0x00007ff910e90000 - 0x00007ff910fd4000 	C:\Users\kbeguinel\.gradle\native\e376f236ea51e6404a007f0833ffe2c6e607c4080706a723a18a27aeea778392\windows-amd64\native-platform-file-events.dll
0x00007ff9332f0000 - 0x00007ff9332f9000 	C:\Users\kbeguinel\.jdks\corretto-18.0.2\bin\management.dll
0x00007ff933130000 - 0x00007ff93313b000 	C:\Users\kbeguinel\.jdks\corretto-18.0.2\bin\management_ext.dll
0x00007ff94a5c0000 - 0x00007ff94a5d8000 	C:\windows\SYSTEM32\CRYPTSP.dll
0x00007ff949d00000 - 0x00007ff949d34000 	C:\windows\system32\rsaenh.dll
0x00007ff94b7f0000 - 0x00007ff94b817000 	C:\windows\System32\bcrypt.dll
0x00007ff94b050000 - 0x00007ff94b07e000 	C:\windows\SYSTEM32\USERENV.dll
0x00007ff94a5e0000 - 0x00007ff94a5ec000 	C:\windows\SYSTEM32\CRYPTBASE.dll
0x00007ff94a0d0000 - 0x00007ff94a10c000 	C:\windows\SYSTEM32\IPHLPAPI.DLL
0x00007ff94cb60000 - 0x00007ff94cb68000 	C:\windows\System32\NSI.dll
0x00007ff9459c0000 - 0x00007ff9459d7000 	C:\windows\SYSTEM32\dhcpcsvc6.DLL
0x00007ff9459a0000 - 0x00007ff9459bd000 	C:\windows\SYSTEM32\dhcpcsvc.DLL
0x00007ff94a110000 - 0x00007ff94a1da000 	C:\windows\SYSTEM32\DNSAPI.dll

dbghelp: loaded successfully - version: 4.0.5 - missing functions: none
symbol engine: initialized successfully - sym options: 0x614 - pdb path: .;C:\Users\kbeguinel\.jdks\corretto-18.0.2\bin;C:\windows\SYSTEM32;C:\windows\WinSxS\amd64_microsoft.windows.common-controls_6595b64144ccf1df_6.0.19041.1110_none_60b5254171f9507e;C:\Program Files\Citrix\HDX\bin;C:\Users\kbeguinel\.jdks\corretto-18.0.2\bin\server;C:\Users\kbeguinel\.gradle\native\68d5fa5c4cc2d200863cafc0d521ce42e7d3e7ee720ec0a83991735586a16f82\windows-amd64;C:\Users\kbeguinel\.gradle\native\e376f236ea51e6404a007f0833ffe2c6e607c4080706a723a18a27aeea778392\windows-amd64

VM Arguments:
jvm_args: --add-opens=java.base/java.util=ALL-UNNAMED --add-opens=java.base/java.lang=ALL-UNNAMED --add-opens=java.base/java.lang.invoke=ALL-UNNAMED --add-opens=java.prefs/java.util.prefs=ALL-UNNAMED --add-opens=java.base/java.nio.charset=ALL-UNNAMED --add-opens=java.base/java.net=ALL-UNNAMED --add-opens=java.base/java.util.concurrent.atomic=ALL-UNNAMED -XX:MaxMetaspaceSize=256m -XX:+HeapDumpOnOutOfMemoryError -Xms256m -Xmx512m -Dfile.encoding=windows-1252 -Duser.country=FR -Duser.language=fr -Duser.variant 
java_command: org.gradle.launcher.daemon.bootstrap.GradleDaemon 7.6
java_class_path (initial): C:\Users\kbeguinel\.gradle\wrapper\dists\gradle-7.6-bin\9l9tetv7ltxvx3i8an4pb86ye\gradle-7.6\lib\gradle-launcher-7.6.jar
Launcher Type: SUN_STANDARD

[Global flags]
     intx CICompilerCount                          = 3                                         {product} {ergonomic}
   size_t CompressedClassSpaceSize                 = 218103808                                 {product} {ergonomic}
     uint ConcGCThreads                            = 1                                         {product} {ergonomic}
     uint G1ConcRefinementThreads                  = 4                                         {product} {ergonomic}
   size_t G1HeapRegionSize                         = 1048576                                   {product} {ergonomic}
    uintx GCDrainStackTargetSize                   = 64                                        {product} {ergonomic}
     bool HeapDumpOnOutOfMemoryError               = true                                   {manageable} {command line}
   size_t InitialHeapSize                          = 268435456                                 {product} {command line}
   size_t MarkStackSize                            = 4194304                                   {product} {ergonomic}
   size_t MaxHeapSize                              = 536870912                                 {product} {command line}
   size_t MaxMetaspaceSize                         = 268435456                                 {product} {command line}
   size_t MaxNewSize                               = 321912832                                 {product} {ergonomic}
   size_t MinHeapDeltaBytes                        = 1048576                                   {product} {ergonomic}
   size_t MinHeapSize                              = 268435456                                 {product} {command line}
    uintx NonNMethodCodeHeapSize                   = 5832780                                {pd product} {ergonomic}
    uintx NonProfiledCodeHeapSize                  = 122912730                              {pd product} {ergonomic}
    uintx ProfiledCodeHeapSize                     = 122912730                              {pd product} {ergonomic}
    uintx ReservedCodeCacheSize                    = 251658240                              {pd product} {ergonomic}
     bool SegmentedCodeCache                       = true                                      {product} {ergonomic}
   size_t SoftMaxHeapSize                          = 536870912                              {manageable} {ergonomic}
     bool UseCompressedClassPointers               = true                           {product lp64_product} {ergonomic}
     bool UseCompressedOops                        = true                           {product lp64_product} {ergonomic}
     bool UseG1GC                                  = true                                      {product} {ergonomic}
     bool UseLargePagesIndividualAllocation        = false                                  {pd product} {ergonomic}

Logging:
Log output configuration:
 #0: stdout all=warning uptime,level,tags foldmultilines=false
 #1: stderr all=off uptime,level,tags foldmultilines=false

Environment Variables:
PATH=C:\Program Files (x86)\Common Files\Oracle\Java\javapath;C:\Program Files\Microsoft\jdk-11.0.16.101-hotspot\bin;C:\windows\system32;C:\windows;C:\windows\System32\Wbem;C:\windows\System32\WindowsPowerShell\v1.0\;C:\windows\System32\OpenSSH\;C:\Users\Administrateur\AppData\Local\Microsoft\WindowsApps;C:\Program Files\Symfony;C:\Program Files\Microsoft VS Code\bin;C:\Program Files (x86)\Yarn\bin\;C:\PHP;C:\ProgramData\ComposerSetup\bin;C:\Program Files\java\jdk\bin;C:\Program Files\Git\cmd;C:\Program Files\Python38;c:\Program Files\Python38\scripts;C:\oracleclient\instantclient_12_1;C:\Program Files\symfony;C:\Program Files\symfonyCopieProjets;C:\Program Files\CodeBlocks\MinGW\bin;C:\Program Files\Doxygen\bin;C:\Program Files\CMake\;C:\Program Files\CMake\bin;C:\Program Files\Microsoft SQL Server\Client SDK\ODBC\170\Tools\Binn\;C:\Program Files\Microsoft SQL Server\150\Tools\Binn\;C:\Program Files\dotnet\;C:\Program Files (x86)\Citrix\HDX\bin\;C:\Program Files\Citrix\HDX\bin\;C:\Users\kbeguinel\AppData\Local\Microsoft\WindowsApps;
USERNAME=kbeguinel
OS=Windows_NT
PROCESSOR_IDENTIFIER=Intel64 Family 6 Model 79 Stepping 1, GenuineIntel



---------------  S Y S T E M  ---------------

OS:
 Windows 10 , 64 bit Build 19041 (10.0.19041.3155)
OS uptime: 0 days 6:00 hours
Hyper-V virtualization detected

CPU: total 4 (initial active 4) (2 cores per cpu, 2 threads per core) family 6 model 79 stepping 1 microcode 0xffffffff, cx8, cmov, fxsr, ht, mmx, 3dnowpref, sse, sse2, sse3, ssse3, sse4.1, sse4.2, popcnt, lzcnt, tsc, avx, avx2, aes, erms, clmul, bmi1, bmi2, rtm, adx, fma, vzeroupper, clflush, hv

Memory: 4k page, system-wide physical 5118M (87M free)
TotalPageFile size 8354M (AvailPageFile size 4M)
current process WorkingSet (physical memory assigned to process): 224M, peak: 225M
current process commit charge ("private bytes"): 403M, peak: 406M

vm_info: OpenJDK 64-Bit Server VM (18.0.2+9-FR) for windows-amd64 JRE (18.0.2+9-FR), built on Jul 15 2022 20:03:03 by "Administrator" with MS VC++ 15.9 (VS2017)

END.
